{"D:\\GitHub\\ken_renelt_p0\\src\\daos\\db.ts": {"path":"D:\\GitHub\\ken_renelt_p0\\src\\daos\\db.ts","statementMap":{"0":{"start":{"line":6,"column":0},"end":{"line":6,"column":26}},"1":{"start":{"line":8,"column":13},"end":{"line":14,"column":3}}},"fnMap":{},"branchMap":{},"s":{"0":3,"1":3},"f":{},"b":{}}
,"D:\\GitHub\\ken_renelt_p0\\src\\daos\\shoppingCartDao.ts": {"path":"D:\\GitHub\\ken_renelt_p0\\src\\daos\\shoppingCartDao.ts","statementMap":{"0":{"start":{"line":1,"column":0},"end":{"line":1,"column":32}},"1":{"start":{"line":2,"column":0},"end":{"line":2,"column":78}},"2":{"start":{"line":3,"column":0},"end":{"line":3,"column":98}},"3":{"start":{"line":6,"column":16},"end":{"line":6,"column":45}},"4":{"start":{"line":8,"column":4},"end":{"line":14,"column":7}},"5":{"start":{"line":9,"column":39},"end":{"line":9,"column":50}},"6":{"start":{"line":11,"column":44},"end":{"line":11,"column":87}},"7":{"start":{"line":11,"column":60},"end":{"line":11,"column":86}},"8":{"start":{"line":12,"column":8},"end":{"line":12,"column":26}},"9":{"start":{"line":13,"column":8},"end":{"line":13,"column":24}},"10":{"start":{"line":5,"column":0},"end":{"line":5,"column":16}},"11":{"start":{"line":20,"column":16},"end":{"line":23,"column":32}},"12":{"start":{"line":25,"column":3},"end":{"line":30,"column":72}},"13":{"start":{"line":30,"column":21},"end":{"line":30,"column":70}},"14":{"start":{"line":30,"column":42},"end":{"line":30,"column":66}},"15":{"start":{"line":18,"column":0},"end":{"line":18,"column":16}},"16":{"start":{"line":35,"column":16},"end":{"line":36,"column":37}},"17":{"start":{"line":38,"column":4},"end":{"line":42,"column":77}},"18":{"start":{"line":42,"column":22},"end":{"line":42,"column":75}},"19":{"start":{"line":42,"column":45},"end":{"line":42,"column":71}},"20":{"start":{"line":34,"column":0},"end":{"line":34,"column":16}},"21":{"start":{"line":47,"column":4},"end":{"line":47,"column":47}},"22":{"start":{"line":48,"column":13},"end":{"line":48,"column":54}},"23":{"start":{"line":50,"column":1},"end":{"line":51,"column":71}},"24":{"start":{"line":51,"column":20},"end":{"line":51,"column":69}},"25":{"start":{"line":51,"column":41},"end":{"line":51,"column":65}},"26":{"start":{"line":46,"column":0},"end":{"line":46,"column":16}},"27":{"start":{"line":56,"column":16},"end":{"line":56,"column":65}},"28":{"start":{"line":59,"column":16},"end":{"line":61,"column":77}},"29":{"start":{"line":63,"column":3},"end":{"line":70,"column":11}},"30":{"start":{"line":65,"column":49},"end":{"line":65,"column":60}},"31":{"start":{"line":67,"column":54},"end":{"line":67,"column":103}},"32":{"start":{"line":67,"column":70},"end":{"line":67,"column":102}},"33":{"start":{"line":68,"column":12},"end":{"line":68,"column":30}},"34":{"start":{"line":69,"column":12},"end":{"line":69,"column":28}},"35":{"start":{"line":54,"column":0},"end":{"line":54,"column":16}}},"fnMap":{"0":{"name":"getShoppingCart","decl":{"start":{"line":5,"column":16},"end":{"line":5,"column":31}},"loc":{"start":{"line":5,"column":31},"end":{"line":15,"column":1}}},"1":{"name":"(anonymous_1)","decl":{"start":{"line":8,"column":51},"end":{"line":8,"column":57}},"loc":{"start":{"line":8,"column":60},"end":{"line":14,"column":5}}},"2":{"name":"(anonymous_2)","decl":{"start":{"line":11,"column":53},"end":{"line":11,"column":56}},"loc":{"start":{"line":11,"column":60},"end":{"line":11,"column":86}}},"3":{"name":"updateShoppingCart","decl":{"start":{"line":18,"column":16},"end":{"line":18,"column":34}},"loc":{"start":{"line":18,"column":57},"end":{"line":31,"column":1}}},"4":{"name":"(anonymous_4)","decl":{"start":{"line":30,"column":11},"end":{"line":30,"column":17}},"loc":{"start":{"line":30,"column":21},"end":{"line":30,"column":70}}},"5":{"name":"(anonymous_5)","decl":{"start":{"line":30,"column":37},"end":{"line":30,"column":38}},"loc":{"start":{"line":30,"column":42},"end":{"line":30,"column":66}}},"6":{"name":"createShoppingCart","decl":{"start":{"line":34,"column":16},"end":{"line":34,"column":34}},"loc":{"start":{"line":34,"column":57},"end":{"line":43,"column":1}}},"7":{"name":"(anonymous_7)","decl":{"start":{"line":42,"column":12},"end":{"line":42,"column":18}},"loc":{"start":{"line":42,"column":22},"end":{"line":42,"column":75}}},"8":{"name":"(anonymous_8)","decl":{"start":{"line":42,"column":38},"end":{"line":42,"column":41}},"loc":{"start":{"line":42,"column":45},"end":{"line":42,"column":71}}},"9":{"name":"deleteShoppingCart","decl":{"start":{"line":46,"column":16},"end":{"line":46,"column":34}},"loc":{"start":{"line":46,"column":57},"end":{"line":52,"column":1}}},"10":{"name":"(anonymous_10)","decl":{"start":{"line":51,"column":10},"end":{"line":51,"column":16}},"loc":{"start":{"line":51,"column":20},"end":{"line":51,"column":69}}},"11":{"name":"(anonymous_11)","decl":{"start":{"line":51,"column":36},"end":{"line":51,"column":37}},"loc":{"start":{"line":51,"column":41},"end":{"line":51,"column":65}}},"12":{"name":"getAllCartsForUser","decl":{"start":{"line":54,"column":16},"end":{"line":54,"column":34}},"loc":{"start":{"line":54,"column":45},"end":{"line":71,"column":1}}},"13":{"name":"(anonymous_13)","decl":{"start":{"line":64,"column":14},"end":{"line":64,"column":20}},"loc":{"start":{"line":64,"column":23},"end":{"line":70,"column":9}}},"14":{"name":"(anonymous_14)","decl":{"start":{"line":67,"column":63},"end":{"line":67,"column":66}},"loc":{"start":{"line":67,"column":70},"end":{"line":67,"column":102}}}},"branchMap":{},"s":{"0":1,"1":1,"2":1,"3":0,"4":0,"5":0,"6":0,"7":0,"8":0,"9":0,"10":1,"11":0,"12":0,"13":0,"14":0,"15":1,"16":0,"17":0,"18":0,"19":0,"20":1,"21":0,"22":0,"23":0,"24":0,"25":0,"26":1,"27":0,"28":0,"29":0,"30":0,"31":0,"32":0,"33":0,"34":0,"35":1},"f":{"0":0,"1":0,"2":0,"3":0,"4":0,"5":0,"6":0,"7":0,"8":0,"9":0,"10":0,"11":0,"12":0,"13":0,"14":0},"b":{}}
,"D:\\GitHub\\ken_renelt_p0\\src\\daos\\userDao.ts": {"path":"D:\\GitHub\\ken_renelt_p0\\src\\daos\\userDao.ts","statementMap":{"0":{"start":{"line":1,"column":0},"end":{"line":1,"column":32}},"1":{"start":{"line":2,"column":0},"end":{"line":2,"column":52}},"2":{"start":{"line":8,"column":16},"end":{"line":8,"column":37}},"3":{"start":{"line":11,"column":4},"end":{"line":17,"column":7}},"4":{"start":{"line":12,"column":31},"end":{"line":12,"column":42}},"5":{"start":{"line":14,"column":33},"end":{"line":14,"column":64}},"6":{"start":{"line":14,"column":49},"end":{"line":14,"column":63}},"7":{"start":{"line":16,"column":8},"end":{"line":16,"column":24}},"8":{"start":{"line":5,"column":0},"end":{"line":5,"column":16}},"9":{"start":{"line":24,"column":17},"end":{"line":24,"column":52}},"10":{"start":{"line":27,"column":5},"end":{"line":28,"column":64}},"11":{"start":{"line":28,"column":25},"end":{"line":28,"column":62}},"12":{"start":{"line":28,"column":46},"end":{"line":28,"column":58}},"13":{"start":{"line":21,"column":0},"end":{"line":21,"column":16}},"14":{"start":{"line":35,"column":16},"end":{"line":36,"column":45}},"15":{"start":{"line":39,"column":5},"end":{"line":45,"column":65}},"16":{"start":{"line":45,"column":22},"end":{"line":45,"column":63}},"17":{"start":{"line":45,"column":45},"end":{"line":45,"column":59}},"18":{"start":{"line":32,"column":1},"end":{"line":32,"column":17}},"19":{"start":{"line":52,"column":16},"end":{"line":55,"column":31}},"20":{"start":{"line":58,"column":4},"end":{"line":65,"column":61}},"21":{"start":{"line":65,"column":22},"end":{"line":65,"column":59}},"22":{"start":{"line":65,"column":43},"end":{"line":65,"column":55}},"23":{"start":{"line":49,"column":1},"end":{"line":49,"column":17}},"24":{"start":{"line":71,"column":16},"end":{"line":71,"column":49}},"25":{"start":{"line":74,"column":4},"end":{"line":74,"column":99}},"26":{"start":{"line":74,"column":60},"end":{"line":74,"column":97}},"27":{"start":{"line":74,"column":81},"end":{"line":74,"column":93}},"28":{"start":{"line":69,"column":0},"end":{"line":69,"column":16}}},"fnMap":{"0":{"name":"getAllUsers","decl":{"start":{"line":5,"column":16},"end":{"line":5,"column":27}},"loc":{"start":{"line":5,"column":27},"end":{"line":18,"column":1}}},"1":{"name":"(anonymous_1)","decl":{"start":{"line":11,"column":43},"end":{"line":11,"column":49}},"loc":{"start":{"line":11,"column":52},"end":{"line":17,"column":5}}},"2":{"name":"(anonymous_2)","decl":{"start":{"line":14,"column":42},"end":{"line":14,"column":45}},"loc":{"start":{"line":14,"column":49},"end":{"line":14,"column":63}}},"3":{"name":"getUserById","decl":{"start":{"line":21,"column":16},"end":{"line":21,"column":27}},"loc":{"start":{"line":21,"column":38},"end":{"line":29,"column":2}}},"4":{"name":"(anonymous_4)","decl":{"start":{"line":28,"column":15},"end":{"line":28,"column":21}},"loc":{"start":{"line":28,"column":25},"end":{"line":28,"column":62}}},"5":{"name":"(anonymous_5)","decl":{"start":{"line":28,"column":41},"end":{"line":28,"column":42}},"loc":{"start":{"line":28,"column":46},"end":{"line":28,"column":58}}},"6":{"name":"saveUser","decl":{"start":{"line":32,"column":17},"end":{"line":32,"column":25}},"loc":{"start":{"line":32,"column":36},"end":{"line":46,"column":2}}},"7":{"name":"(anonymous_7)","decl":{"start":{"line":45,"column":12},"end":{"line":45,"column":18}},"loc":{"start":{"line":45,"column":22},"end":{"line":45,"column":63}}},"8":{"name":"(anonymous_8)","decl":{"start":{"line":45,"column":38},"end":{"line":45,"column":41}},"loc":{"start":{"line":45,"column":45},"end":{"line":45,"column":59}}},"9":{"name":"patchUser","decl":{"start":{"line":49,"column":17},"end":{"line":49,"column":26}},"loc":{"start":{"line":49,"column":37},"end":{"line":66,"column":2}}},"10":{"name":"(anonymous_10)","decl":{"start":{"line":65,"column":12},"end":{"line":65,"column":18}},"loc":{"start":{"line":65,"column":22},"end":{"line":65,"column":59}}},"11":{"name":"(anonymous_11)","decl":{"start":{"line":65,"column":38},"end":{"line":65,"column":39}},"loc":{"start":{"line":65,"column":43},"end":{"line":65,"column":55}}},"12":{"name":"deleteUser","decl":{"start":{"line":69,"column":16},"end":{"line":69,"column":26}},"loc":{"start":{"line":69,"column":37},"end":{"line":75,"column":1}}},"13":{"name":"(anonymous_13)","decl":{"start":{"line":74,"column":50},"end":{"line":74,"column":56}},"loc":{"start":{"line":74,"column":60},"end":{"line":74,"column":97}}},"14":{"name":"(anonymous_14)","decl":{"start":{"line":74,"column":76},"end":{"line":74,"column":77}},"loc":{"start":{"line":74,"column":81},"end":{"line":74,"column":93}}}},"branchMap":{},"s":{"0":2,"1":2,"2":0,"3":0,"4":0,"5":0,"6":0,"7":0,"8":2,"9":0,"10":0,"11":0,"12":0,"13":2,"14":0,"15":0,"16":0,"17":0,"18":2,"19":0,"20":0,"21":0,"22":0,"23":2,"24":0,"25":0,"26":0,"27":0,"28":2},"f":{"0":0,"1":0,"2":0,"3":0,"4":0,"5":0,"6":0,"7":0,"8":0,"9":0,"10":0,"11":0,"12":0,"13":0,"14":0},"b":{}}
,"D:\\GitHub\\ken_renelt_p0\\src\\data-models\\Item.ts": {"path":"D:\\GitHub\\ken_renelt_p0\\src\\data-models\\Item.ts","statementMap":{"0":{"start":{"line":18,"column":8},"end":{"line":18,"column":21}},"1":{"start":{"line":19,"column":8},"end":{"line":19,"column":33}},"2":{"start":{"line":20,"column":8},"end":{"line":20,"column":39}},"3":{"start":{"line":21,"column":8},"end":{"line":21,"column":27}},"4":{"start":{"line":22,"column":8},"end":{"line":22,"column":41}},"5":{"start":{"line":10,"column":21},"end":{"line":11,"column":null}},"6":{"start":{"line":13,"column":8},"end":{"line":13,"column":20}},"7":{"start":{"line":1,"column":0},"end":{"line":1,"column":13}}},"fnMap":{"0":{"name":"(anonymous_0)","decl":{"start":{"line":16,"column":4},"end":{"line":16,"column":16}},"loc":{"start":{"line":16,"column":62},"end":{"line":23,"column":5}}},"1":{"name":"(anonymous_1)","decl":{"start":{"line":8,"column":4},"end":{"line":8,"column":10}},"loc":{"start":{"line":8,"column":28},"end":{"line":14,"column":5}}}},"branchMap":{},"s":{"0":1,"1":1,"2":1,"3":1,"4":1,"5":1,"6":1,"7":1},"f":{"0":1,"1":1},"b":{}}
,"D:\\GitHub\\ken_renelt_p0\\src\\data-models\\PrettyShoppingCart.ts": {"path":"D:\\GitHub\\ken_renelt_p0\\src\\data-models\\PrettyShoppingCart.ts","statementMap":{"0":{"start":{"line":17,"column":12},"end":{"line":17,"column":39}},"1":{"start":{"line":18,"column":12},"end":{"line":18,"column":43}},"2":{"start":{"line":19,"column":12},"end":{"line":19,"column":31}},"3":{"start":{"line":20,"column":12},"end":{"line":20,"column":37}},"4":{"start":{"line":10,"column":25},"end":{"line":11,"column":null}},"5":{"start":{"line":13,"column":12},"end":{"line":13,"column":24}},"6":{"start":{"line":2,"column":0},"end":{"line":2,"column":13}}},"fnMap":{"0":{"name":"(anonymous_0)","decl":{"start":{"line":15,"column":8},"end":{"line":15,"column":20}},"loc":{"start":{"line":15,"column":59},"end":{"line":21,"column":9}}},"1":{"name":"(anonymous_1)","decl":{"start":{"line":8,"column":8},"end":{"line":8,"column":14}},"loc":{"start":{"line":8,"column":46},"end":{"line":14,"column":9}}}},"branchMap":{},"s":{"0":1,"1":1,"2":1,"3":1,"4":1,"5":1,"6":2},"f":{"0":1,"1":1},"b":{}}
,"D:\\GitHub\\ken_renelt_p0\\src\\data-models\\shoppingCart.ts": {"path":"D:\\GitHub\\ken_renelt_p0\\src\\data-models\\shoppingCart.ts","statementMap":{"0":{"start":{"line":19,"column":8},"end":{"line":19,"column":21}},"1":{"start":{"line":20,"column":8},"end":{"line":20,"column":31}},"2":{"start":{"line":21,"column":8},"end":{"line":21,"column":35}},"3":{"start":{"line":22,"column":8},"end":{"line":22,"column":33}},"4":{"start":{"line":11,"column":21},"end":{"line":12,"column":null}},"5":{"start":{"line":14,"column":8},"end":{"line":14,"column":20}},"6":{"start":{"line":3,"column":0},"end":{"line":3,"column":13}}},"fnMap":{"0":{"name":"(anonymous_0)","decl":{"start":{"line":17,"column":4},"end":{"line":17,"column":16}},"loc":{"start":{"line":17,"column":48},"end":{"line":23,"column":5}}},"1":{"name":"(anonymous_1)","decl":{"start":{"line":9,"column":4},"end":{"line":9,"column":10}},"loc":{"start":{"line":9,"column":36},"end":{"line":15,"column":5}}}},"branchMap":{},"s":{"0":1,"1":1,"2":1,"3":1,"4":1,"5":1,"6":2},"f":{"0":1,"1":1},"b":{}}
,"D:\\GitHub\\ken_renelt_p0\\src\\data-models\\user.ts": {"path":"D:\\GitHub\\ken_renelt_p0\\src\\data-models\\user.ts","statementMap":{"0":{"start":{"line":18,"column":8},"end":{"line":18,"column":21}},"1":{"start":{"line":19,"column":8},"end":{"line":19,"column":35}},"2":{"start":{"line":20,"column":8},"end":{"line":20,"column":33}},"3":{"start":{"line":21,"column":8},"end":{"line":21,"column":33}},"4":{"start":{"line":22,"column":8},"end":{"line":22,"column":35}},"5":{"start":{"line":23,"column":8},"end":{"line":23,"column":35}},"6":{"start":{"line":11,"column":20},"end":{"line":12,"column":null}},"7":{"start":{"line":14,"column":7},"end":{"line":14,"column":19}},"8":{"start":{"line":1,"column":0},"end":{"line":1,"column":13}}},"fnMap":{"0":{"name":"(anonymous_0)","decl":{"start":{"line":16,"column":4},"end":{"line":16,"column":16}},"loc":{"start":{"line":16,"column":71},"end":{"line":24,"column":5}}},"1":{"name":"(anonymous_1)","decl":{"start":{"line":9,"column":3},"end":{"line":9,"column":9}},"loc":{"start":{"line":9,"column":28},"end":{"line":15,"column":4}}}},"branchMap":{},"s":{"0":2,"1":2,"2":2,"3":2,"4":2,"5":2,"6":1,"7":1,"8":4},"f":{"0":2,"1":1},"b":{}}
,"D:\\GitHub\\ken_renelt_p0\\src\\routers\\shoppingCart-router.ts": {"path":"D:\\GitHub\\ken_renelt_p0\\src\\routers\\shoppingCart-router.ts","statementMap":{"0":{"start":{"line":1,"column":0},"end":{"line":1,"column":30}},"1":{"start":{"line":2,"column":0},"end":{"line":2,"column":64}},"2":{"start":{"line":5,"column":13},"end":{"line":5,"column":43}},"3":{"start":{"line":8,"column":0},"end":{"line":17,"column":3}},"4":{"start":{"line":10,"column":4},"end":{"line":16,"column":7}},"5":{"start":{"line":12,"column":8},"end":{"line":12,"column":29}},"6":{"start":{"line":15,"column":8},"end":{"line":15,"column":33}},"7":{"start":{"line":20,"column":0},"end":{"line":31,"column":null}},"8":{"start":{"line":21,"column":15},"end":{"line":21,"column":33}},"9":{"start":{"line":22,"column":3},"end":{"line":30,"column":7}},"10":{"start":{"line":24,"column":8},"end":{"line":24,"column":29}},"11":{"start":{"line":25,"column":8},"end":{"line":25,"column":15}},"12":{"start":{"line":29,"column":8},"end":{"line":29,"column":33}},"13":{"start":{"line":35,"column":1},"end":{"line":44,"column":4}},"14":{"start":{"line":36,"column":17},"end":{"line":36,"column":29}},"15":{"start":{"line":37,"column":5},"end":{"line":43,"column":8}},"16":{"start":{"line":39,"column":9},"end":{"line":39,"column":36}},"17":{"start":{"line":42,"column":9},"end":{"line":42,"column":34}},"18":{"start":{"line":47,"column":1},"end":{"line":59,"column":null}},"19":{"start":{"line":48,"column":18},"end":{"line":48,"column":30}},"20":{"start":{"line":50,"column":5},"end":{"line":58,"column":null}},"21":{"start":{"line":52,"column":9},"end":{"line":52,"column":36}},"22":{"start":{"line":55,"column":9},"end":{"line":55,"column":34}},"23":{"start":{"line":57,"column":9},"end":{"line":57,"column":16}}},"fnMap":{"0":{"name":"(anonymous_2)","decl":{"start":{"line":8,"column":19},"end":{"line":8,"column":20}},"loc":{"start":{"line":8,"column":47},"end":{"line":17,"column":1}}},"1":{"name":"(anonymous_3)","decl":{"start":{"line":10,"column":39},"end":{"line":10,"column":44}},"loc":{"start":{"line":10,"column":47},"end":{"line":13,"column":5}}},"2":{"name":"(anonymous_4)","decl":{"start":{"line":13,"column":13},"end":{"line":13,"column":16}},"loc":{"start":{"line":13,"column":19},"end":{"line":16,"column":5}}},"3":{"name":"(anonymous_5)","decl":{"start":{"line":20,"column":23},"end":{"line":20,"column":24}},"loc":{"start":{"line":20,"column":51},"end":{"line":31,"column":1}}},"4":{"name":"(anonymous_6)","decl":{"start":{"line":22,"column":43},"end":{"line":22,"column":48}},"loc":{"start":{"line":22,"column":51},"end":{"line":27,"column":5}}},"5":{"name":"(anonymous_7)","decl":{"start":{"line":27,"column":13},"end":{"line":27,"column":16}},"loc":{"start":{"line":27,"column":19},"end":{"line":30,"column":5}}},"6":{"name":"(anonymous_8)","decl":{"start":{"line":35,"column":27},"end":{"line":35,"column":28}},"loc":{"start":{"line":35,"column":55},"end":{"line":44,"column":2}}},"7":{"name":"(anonymous_9)","decl":{"start":{"line":38,"column":11},"end":{"line":38,"column":22}},"loc":{"start":{"line":38,"column":25},"end":{"line":40,"column":6}}},"8":{"name":"(anonymous_10)","decl":{"start":{"line":40,"column":14},"end":{"line":40,"column":17}},"loc":{"start":{"line":40,"column":20},"end":{"line":43,"column":6}}},"9":{"name":"(anonymous_11)","decl":{"start":{"line":47,"column":21},"end":{"line":47,"column":22}},"loc":{"start":{"line":47,"column":49},"end":{"line":59,"column":2}}},"10":{"name":"(anonymous_12)","decl":{"start":{"line":51,"column":11},"end":{"line":51,"column":22}},"loc":{"start":{"line":51,"column":25},"end":{"line":53,"column":6}}},"11":{"name":"(anonymous_13)","decl":{"start":{"line":53,"column":14},"end":{"line":53,"column":17}},"loc":{"start":{"line":53,"column":20},"end":{"line":56,"column":6}}},"12":{"name":"(anonymous_14)","decl":{"start":{"line":56,"column":16},"end":{"line":56,"column":19}},"loc":{"start":{"line":56,"column":21},"end":{"line":58,"column":6}}}},"branchMap":{},"s":{"0":1,"1":1,"2":1,"3":1,"4":2,"5":1,"6":1,"7":1,"8":2,"9":2,"10":1,"11":1,"12":1,"13":1,"14":0,"15":0,"16":0,"17":0,"18":1,"19":0,"20":0,"21":0,"22":0,"23":0},"f":{"0":2,"1":1,"2":1,"3":2,"4":1,"5":1,"6":0,"7":0,"8":0,"9":0,"10":0,"11":0,"12":0},"b":{}}
,"D:\\GitHub\\ken_renelt_p0\\src\\routers\\user-router.ts": {"path":"D:\\GitHub\\ken_renelt_p0\\src\\routers\\user-router.ts","statementMap":{"0":{"start":{"line":1,"column":0},"end":{"line":1,"column":30}},"1":{"start":{"line":2,"column":0},"end":{"line":2,"column":56}},"2":{"start":{"line":4,"column":13},"end":{"line":4,"column":43}},"3":{"start":{"line":6,"column":14},"end":{"line":6,"column":16}},"4":{"start":{"line":8,"column":0},"end":{"line":17,"column":3}},"5":{"start":{"line":9,"column":4},"end":{"line":16,"column":7}},"6":{"start":{"line":11,"column":8},"end":{"line":11,"column":29}},"7":{"start":{"line":12,"column":8},"end":{"line":12,"column":15}},"8":{"start":{"line":15,"column":8},"end":{"line":15,"column":33}},"9":{"start":{"line":19,"column":0},"end":{"line":30,"column":3}},"10":{"start":{"line":20,"column":15},"end":{"line":20,"column":33}},"11":{"start":{"line":21,"column":4},"end":{"line":29,"column":null}},"12":{"start":{"line":22,"column":8},"end":{"line":28,"column":null}},"13":{"start":{"line":24,"column":12},"end":{"line":24,"column":37}},"14":{"start":{"line":27,"column":12},"end":{"line":27,"column":32}},"15":{"start":{"line":32,"column":0},"end":{"line":46,"column":3}},"16":{"start":{"line":34,"column":17},"end":{"line":34,"column":29}},"17":{"start":{"line":36,"column":4},"end":{"line":45,"column":7}},"18":{"start":{"line":38,"column":8},"end":{"line":38,"column":29}},"19":{"start":{"line":39,"column":8},"end":{"line":39,"column":31}},"20":{"start":{"line":40,"column":8},"end":{"line":40,"column":15}},"21":{"start":{"line":43,"column":8},"end":{"line":43,"column":33}},"22":{"start":{"line":44,"column":8},"end":{"line":44,"column":15}},"23":{"start":{"line":48,"column":0},"end":{"line":59,"column":3}},"24":{"start":{"line":49,"column":17},"end":{"line":49,"column":29}},"25":{"start":{"line":50,"column":4},"end":{"line":58,"column":7}},"26":{"start":{"line":52,"column":8},"end":{"line":52,"column":35}},"27":{"start":{"line":55,"column":8},"end":{"line":55,"column":33}},"28":{"start":{"line":57,"column":8},"end":{"line":57,"column":15}}},"fnMap":{"0":{"name":"(anonymous_2)","decl":{"start":{"line":8,"column":19},"end":{"line":8,"column":20}},"loc":{"start":{"line":8,"column":47},"end":{"line":17,"column":1}}},"1":{"name":"(anonymous_3)","decl":{"start":{"line":9,"column":35},"end":{"line":9,"column":40}},"loc":{"start":{"line":9,"column":43},"end":{"line":13,"column":5}}},"2":{"name":"(anonymous_4)","decl":{"start":{"line":13,"column":13},"end":{"line":13,"column":16}},"loc":{"start":{"line":13,"column":19},"end":{"line":16,"column":5}}},"3":{"name":"(anonymous_5)","decl":{"start":{"line":19,"column":23},"end":{"line":19,"column":24}},"loc":{"start":{"line":19,"column":51},"end":{"line":30,"column":1}}},"4":{"name":"(anonymous_6)","decl":{"start":{"line":21,"column":37},"end":{"line":21,"column":41}},"loc":{"start":{"line":21,"column":44},"end":{"line":29,"column":5}}},"5":{"name":"(anonymous_7)","decl":{"start":{"line":32,"column":20},"end":{"line":32,"column":21}},"loc":{"start":{"line":32,"column":48},"end":{"line":46,"column":1}}},"6":{"name":"(anonymous_8)","decl":{"start":{"line":37,"column":10},"end":{"line":37,"column":17}},"loc":{"start":{"line":37,"column":20},"end":{"line":41,"column":5}}},"7":{"name":"(anonymous_9)","decl":{"start":{"line":41,"column":13},"end":{"line":41,"column":16}},"loc":{"start":{"line":41,"column":19},"end":{"line":45,"column":5}}},"8":{"name":"(anonymous_10)","decl":{"start":{"line":48,"column":21},"end":{"line":48,"column":22}},"loc":{"start":{"line":48,"column":49},"end":{"line":59,"column":1}}},"9":{"name":"(anonymous_11)","decl":{"start":{"line":51,"column":10},"end":{"line":51,"column":21}},"loc":{"start":{"line":51,"column":24},"end":{"line":53,"column":5}}},"10":{"name":"(anonymous_12)","decl":{"start":{"line":53,"column":13},"end":{"line":53,"column":16}},"loc":{"start":{"line":53,"column":19},"end":{"line":56,"column":5}}},"11":{"name":"(anonymous_13)","decl":{"start":{"line":56,"column":15},"end":{"line":56,"column":18}},"loc":{"start":{"line":56,"column":20},"end":{"line":58,"column":5}}}},"branchMap":{"0":{"loc":{"start":{"line":22,"column":8},"end":{"line":28,"column":null}},"type":"if","locations":[{"start":{"line":22,"column":8},"end":{"line":28,"column":null}},{"start":{"line":22,"column":8},"end":{"line":28,"column":null}}]}},"s":{"0":1,"1":1,"2":1,"3":1,"4":1,"5":3,"6":1,"7":1,"8":2,"9":1,"10":2,"11":2,"12":2,"13":1,"14":1,"15":1,"16":2,"17":2,"18":1,"19":1,"20":1,"21":1,"22":1,"23":1,"24":2,"25":2,"26":1,"27":1,"28":2},"f":{"0":3,"1":1,"2":2,"3":2,"4":2,"5":2,"6":1,"7":1,"8":2,"9":1,"10":1,"11":2},"b":{"0":[1,1]}}
,"D:\\GitHub\\ken_renelt_p0\\src\\services\\shoppingCart-service.ts": {"path":"D:\\GitHub\\ken_renelt_p0\\src\\services\\shoppingCart-service.ts","statementMap":{"0":{"start":{"line":2,"column":0},"end":{"line":2,"column":51}},"1":{"start":{"line":7,"column":4},"end":{"line":7,"column":37}},"2":{"start":{"line":6,"column":0},"end":{"line":6,"column":16}},"3":{"start":{"line":12,"column":4},"end":{"line":12,"column":44}},"4":{"start":{"line":11,"column":0},"end":{"line":11,"column":16}},"5":{"start":{"line":19,"column":4},"end":{"line":19,"column":44}},"6":{"start":{"line":18,"column":0},"end":{"line":18,"column":16}},"7":{"start":{"line":23,"column":4},"end":{"line":23,"column":44}},"8":{"start":{"line":22,"column":0},"end":{"line":22,"column":16}},"9":{"start":{"line":27,"column":4},"end":{"line":27,"column":42}},"10":{"start":{"line":26,"column":0},"end":{"line":26,"column":16}}},"fnMap":{"0":{"name":"getShoppingCart","decl":{"start":{"line":6,"column":16},"end":{"line":6,"column":31}},"loc":{"start":{"line":6,"column":31},"end":{"line":8,"column":1}}},"1":{"name":"updateShoppingCart","decl":{"start":{"line":11,"column":16},"end":{"line":11,"column":34}},"loc":{"start":{"line":11,"column":57},"end":{"line":13,"column":1}}},"2":{"name":"deleteShoppingCart","decl":{"start":{"line":18,"column":16},"end":{"line":18,"column":34}},"loc":{"start":{"line":18,"column":57},"end":{"line":20,"column":1}}},"3":{"name":"createShoppingCart","decl":{"start":{"line":22,"column":16},"end":{"line":22,"column":34}},"loc":{"start":{"line":22,"column":57},"end":{"line":24,"column":1}}},"4":{"name":"getAllCartsForUser","decl":{"start":{"line":26,"column":16},"end":{"line":26,"column":34}},"loc":{"start":{"line":26,"column":44},"end":{"line":28,"column":1}}}},"branchMap":{},"s":{"0":1,"1":0,"2":1,"3":0,"4":1,"5":0,"6":1,"7":0,"8":1,"9":0,"10":1},"f":{"0":0,"1":0,"2":0,"3":0,"4":0},"b":{}}
,"D:\\GitHub\\ken_renelt_p0\\src\\services\\user-service.ts": {"path":"D:\\GitHub\\ken_renelt_p0\\src\\services\\user-service.ts","statementMap":{"0":{"start":{"line":9,"column":0},"end":{"line":9,"column":52}},"1":{"start":{"line":10,"column":0},"end":{"line":10,"column":43}},"2":{"start":{"line":14,"column":4},"end":{"line":14,"column":33}},"3":{"start":{"line":13,"column":0},"end":{"line":13,"column":16}},"4":{"start":{"line":19,"column":4},"end":{"line":19,"column":35}},"5":{"start":{"line":18,"column":0},"end":{"line":18,"column":16}},"6":{"start":{"line":27,"column":4},"end":{"line":36,"column":null}},"7":{"start":{"line":30,"column":8},"end":{"line":30,"column":38}},"8":{"start":{"line":35,"column":8},"end":{"line":35,"column":61}},"9":{"start":{"line":35,"column":48},"end":{"line":35,"column":59}},"10":{"start":{"line":24,"column":0},"end":{"line":24,"column":16}},"11":{"start":{"line":41,"column":17},"end":{"line":44,"column":null}},"12":{"start":{"line":47,"column":4},"end":{"line":50,"column":null}},"13":{"start":{"line":49,"column":8},"end":{"line":49,"column":31}},"14":{"start":{"line":52,"column":4},"end":{"line":52,"column":35}},"15":{"start":{"line":40,"column":0},"end":{"line":40,"column":16}},"16":{"start":{"line":57,"column":4},"end":{"line":60,"column":null}},"17":{"start":{"line":59,"column":8},"end":{"line":59,"column":31}},"18":{"start":{"line":61,"column":4},"end":{"line":61,"column":36}},"19":{"start":{"line":56,"column":0},"end":{"line":56,"column":16}}},"fnMap":{"0":{"name":"getAllUsers","decl":{"start":{"line":13,"column":16},"end":{"line":13,"column":27}},"loc":{"start":{"line":13,"column":27},"end":{"line":15,"column":1}}},"1":{"name":"getUserById","decl":{"start":{"line":18,"column":16},"end":{"line":18,"column":27}},"loc":{"start":{"line":18,"column":37},"end":{"line":20,"column":1}}},"2":{"name":"saveUser","decl":{"start":{"line":24,"column":16},"end":{"line":24,"column":24}},"loc":{"start":{"line":24,"column":33},"end":{"line":37,"column":1}}},"3":{"name":"(anonymous_4)","decl":{"start":{"line":35,"column":27},"end":{"line":35,"column":28}},"loc":{"start":{"line":35,"column":48},"end":{"line":35,"column":59}}},"4":{"name":"patchUser","decl":{"start":{"line":40,"column":16},"end":{"line":40,"column":25}},"loc":{"start":{"line":40,"column":35},"end":{"line":53,"column":1}}},"5":{"name":"deleteUser","decl":{"start":{"line":56,"column":16},"end":{"line":56,"column":26}},"loc":{"start":{"line":56,"column":37},"end":{"line":62,"column":1}}}},"branchMap":{"0":{"loc":{"start":{"line":27,"column":4},"end":{"line":36,"column":null}},"type":"if","locations":[{"start":{"line":27,"column":4},"end":{"line":36,"column":null}},{"start":{"line":27,"column":4},"end":{"line":36,"column":null}}]},"1":{"loc":{"start":{"line":27,"column":8},"end":{"line":27,"column":22}},"type":"binary-expr","locations":[{"start":{"line":27,"column":8},"end":{"line":27,"column":22}},{"start":{"line":27,"column":26},"end":{"line":27,"column":39}},{"start":{"line":27,"column":43},"end":{"line":27,"column":57}}]},"2":{"loc":{"start":{"line":47,"column":4},"end":{"line":50,"column":null}},"type":"if","locations":[{"start":{"line":47,"column":4},"end":{"line":50,"column":null}},{"start":{"line":47,"column":4},"end":{"line":50,"column":null}}]},"3":{"loc":{"start":{"line":57,"column":4},"end":{"line":60,"column":null}},"type":"if","locations":[{"start":{"line":57,"column":4},"end":{"line":60,"column":null}},{"start":{"line":57,"column":4},"end":{"line":60,"column":null}}]}},"s":{"0":2,"1":2,"2":1,"3":2,"4":1,"5":2,"6":5,"7":2,"8":3,"9":3,"10":2,"11":1,"12":1,"13":1,"14":0,"15":2,"16":2,"17":1,"18":1,"19":2},"f":{"0":1,"1":1,"2":5,"3":3,"4":1,"5":2},"b":{"0":[2,3],"1":[5,4,3],"2":[1,0],"3":[1,1]}}
}
