{"D:\\GitHub\\ken_renelt_p0\\src\\daos\\db.ts": {"path":"D:\\GitHub\\ken_renelt_p0\\src\\daos\\db.ts","statementMap":{"0":{"start":{"line":6,"column":0},"end":{"line":6,"column":26}},"1":{"start":{"line":8,"column":13},"end":{"line":14,"column":3}}},"fnMap":{},"branchMap":{},"s":{"0":6,"1":6},"f":{},"b":{}}
,"D:\\GitHub\\ken_renelt_p0\\src\\daos\\itemDao.ts": {"path":"D:\\GitHub\\ken_renelt_p0\\src\\daos\\itemDao.ts","statementMap":{"0":{"start":{"line":3,"column":0},"end":{"line":3,"column":31}},"1":{"start":{"line":4,"column":0},"end":{"line":4,"column":51}},"2":{"start":{"line":5,"column":0},"end":{"line":5,"column":63}},"3":{"start":{"line":18,"column":16},"end":{"line":18,"column":37}},"4":{"start":{"line":20,"column":4},"end":{"line":26,"column":7}},"5":{"start":{"line":21,"column":31},"end":{"line":21,"column":42}},"6":{"start":{"line":23,"column":32},"end":{"line":23,"column":63}},"7":{"start":{"line":23,"column":48},"end":{"line":23,"column":62}},"8":{"start":{"line":24,"column":8},"end":{"line":24,"column":26}},"9":{"start":{"line":25,"column":8},"end":{"line":25,"column":24}},"10":{"start":{"line":17,"column":0},"end":{"line":17,"column":16}},"11":{"start":{"line":30,"column":16},"end":{"line":30,"column":51}},"12":{"start":{"line":32,"column":4},"end":{"line":33,"column":59}},"13":{"start":{"line":33,"column":20},"end":{"line":33,"column":57}},"14":{"start":{"line":33,"column":41},"end":{"line":33,"column":53}},"15":{"start":{"line":29,"column":0},"end":{"line":29,"column":16}},"16":{"start":{"line":38,"column":16},"end":{"line":39,"column":41}},"17":{"start":{"line":41,"column":4},"end":{"line":46,"column":65}},"18":{"start":{"line":46,"column":22},"end":{"line":46,"column":63}},"19":{"start":{"line":46,"column":45},"end":{"line":46,"column":59}},"20":{"start":{"line":36,"column":0},"end":{"line":36,"column":16}},"21":{"start":{"line":51,"column":16},"end":{"line":54,"column":31}},"22":{"start":{"line":56,"column":4},"end":{"line":62,"column":61}},"23":{"start":{"line":62,"column":22},"end":{"line":62,"column":59}},"24":{"start":{"line":62,"column":43},"end":{"line":62,"column":55}},"25":{"start":{"line":50,"column":0},"end":{"line":50,"column":16}},"26":{"start":{"line":66,"column":16},"end":{"line":66,"column":49}},"27":{"start":{"line":68,"column":4},"end":{"line":70,"column":61}},"28":{"start":{"line":70,"column":22},"end":{"line":70,"column":59}},"29":{"start":{"line":70,"column":43},"end":{"line":70,"column":55}},"30":{"start":{"line":65,"column":0},"end":{"line":65,"column":16}},"31":{"start":{"line":74,"column":16},"end":{"line":75,"column":37}},"32":{"start":{"line":77,"column":4},"end":{"line":81,"column":77}},"33":{"start":{"line":81,"column":22},"end":{"line":81,"column":75}},"34":{"start":{"line":81,"column":45},"end":{"line":81,"column":71}},"35":{"start":{"line":73,"column":0},"end":{"line":73,"column":16}}},"fnMap":{"0":{"name":"getAllItems","decl":{"start":{"line":17,"column":16},"end":{"line":17,"column":27}},"loc":{"start":{"line":17,"column":27},"end":{"line":27,"column":1}}},"1":{"name":"(anonymous_1)","decl":{"start":{"line":20,"column":43},"end":{"line":20,"column":49}},"loc":{"start":{"line":20,"column":52},"end":{"line":26,"column":5}}},"2":{"name":"(anonymous_2)","decl":{"start":{"line":23,"column":41},"end":{"line":23,"column":44}},"loc":{"start":{"line":23,"column":48},"end":{"line":23,"column":62}}},"3":{"name":"getSelectItem","decl":{"start":{"line":29,"column":16},"end":{"line":29,"column":29}},"loc":{"start":{"line":29,"column":39},"end":{"line":34,"column":1}}},"4":{"name":"(anonymous_4)","decl":{"start":{"line":33,"column":10},"end":{"line":33,"column":16}},"loc":{"start":{"line":33,"column":20},"end":{"line":33,"column":57}}},"5":{"name":"(anonymous_5)","decl":{"start":{"line":33,"column":36},"end":{"line":33,"column":37}},"loc":{"start":{"line":33,"column":41},"end":{"line":33,"column":53}}},"6":{"name":"createItem","decl":{"start":{"line":36,"column":16},"end":{"line":36,"column":26}},"loc":{"start":{"line":36,"column":37},"end":{"line":47,"column":1}}},"7":{"name":"(anonymous_7)","decl":{"start":{"line":46,"column":12},"end":{"line":46,"column":18}},"loc":{"start":{"line":46,"column":22},"end":{"line":46,"column":63}}},"8":{"name":"(anonymous_8)","decl":{"start":{"line":46,"column":38},"end":{"line":46,"column":41}},"loc":{"start":{"line":46,"column":45},"end":{"line":46,"column":59}}},"9":{"name":"patchItem","decl":{"start":{"line":50,"column":16},"end":{"line":50,"column":25}},"loc":{"start":{"line":50,"column":36},"end":{"line":63,"column":1}}},"10":{"name":"(anonymous_10)","decl":{"start":{"line":62,"column":12},"end":{"line":62,"column":18}},"loc":{"start":{"line":62,"column":22},"end":{"line":62,"column":59}}},"11":{"name":"(anonymous_11)","decl":{"start":{"line":62,"column":38},"end":{"line":62,"column":39}},"loc":{"start":{"line":62,"column":43},"end":{"line":62,"column":55}}},"12":{"name":"deleteItem","decl":{"start":{"line":65,"column":16},"end":{"line":65,"column":26}},"loc":{"start":{"line":65,"column":37},"end":{"line":71,"column":1}}},"13":{"name":"(anonymous_13)","decl":{"start":{"line":70,"column":12},"end":{"line":70,"column":18}},"loc":{"start":{"line":70,"column":22},"end":{"line":70,"column":59}}},"14":{"name":"(anonymous_14)","decl":{"start":{"line":70,"column":38},"end":{"line":70,"column":39}},"loc":{"start":{"line":70,"column":43},"end":{"line":70,"column":55}}},"15":{"name":"addItemToCart","decl":{"start":{"line":73,"column":16},"end":{"line":73,"column":29}},"loc":{"start":{"line":73,"column":52},"end":{"line":82,"column":1}}},"16":{"name":"(anonymous_16)","decl":{"start":{"line":81,"column":12},"end":{"line":81,"column":18}},"loc":{"start":{"line":81,"column":22},"end":{"line":81,"column":75}}},"17":{"name":"(anonymous_17)","decl":{"start":{"line":81,"column":38},"end":{"line":81,"column":41}},"loc":{"start":{"line":81,"column":45},"end":{"line":81,"column":71}}}},"branchMap":{},"s":{"0":2,"1":2,"2":2,"3":0,"4":0,"5":0,"6":0,"7":0,"8":0,"9":0,"10":2,"11":0,"12":0,"13":0,"14":0,"15":2,"16":0,"17":0,"18":0,"19":0,"20":2,"21":0,"22":0,"23":0,"24":0,"25":2,"26":0,"27":0,"28":0,"29":0,"30":2,"31":0,"32":0,"33":0,"34":0,"35":2},"f":{"0":0,"1":0,"2":0,"3":0,"4":0,"5":0,"6":0,"7":0,"8":0,"9":0,"10":0,"11":0,"12":0,"13":0,"14":0,"15":0,"16":0,"17":0},"b":{}}
,"D:\\GitHub\\ken_renelt_p0\\src\\daos\\shoppingCartDao.ts": {"path":"D:\\GitHub\\ken_renelt_p0\\src\\daos\\shoppingCartDao.ts","statementMap":{"0":{"start":{"line":1,"column":0},"end":{"line":1,"column":32}},"1":{"start":{"line":2,"column":0},"end":{"line":2,"column":78}},"2":{"start":{"line":3,"column":0},"end":{"line":3,"column":98}},"3":{"start":{"line":6,"column":16},"end":{"line":6,"column":45}},"4":{"start":{"line":8,"column":4},"end":{"line":14,"column":7}},"5":{"start":{"line":9,"column":39},"end":{"line":9,"column":50}},"6":{"start":{"line":11,"column":44},"end":{"line":11,"column":87}},"7":{"start":{"line":11,"column":60},"end":{"line":11,"column":86}},"8":{"start":{"line":12,"column":8},"end":{"line":12,"column":26}},"9":{"start":{"line":13,"column":8},"end":{"line":13,"column":24}},"10":{"start":{"line":5,"column":0},"end":{"line":5,"column":16}},"11":{"start":{"line":36,"column":16},"end":{"line":37,"column":37}},"12":{"start":{"line":39,"column":4},"end":{"line":43,"column":77}},"13":{"start":{"line":43,"column":22},"end":{"line":43,"column":75}},"14":{"start":{"line":43,"column":45},"end":{"line":43,"column":71}},"15":{"start":{"line":35,"column":0},"end":{"line":35,"column":16}},"16":{"start":{"line":48,"column":4},"end":{"line":48,"column":47}},"17":{"start":{"line":49,"column":13},"end":{"line":49,"column":54}},"18":{"start":{"line":51,"column":1},"end":{"line":52,"column":71}},"19":{"start":{"line":52,"column":20},"end":{"line":52,"column":69}},"20":{"start":{"line":52,"column":41},"end":{"line":52,"column":65}},"21":{"start":{"line":47,"column":0},"end":{"line":47,"column":16}},"22":{"start":{"line":57,"column":16},"end":{"line":57,"column":65}},"23":{"start":{"line":60,"column":16},"end":{"line":62,"column":77}},"24":{"start":{"line":64,"column":3},"end":{"line":71,"column":11}},"25":{"start":{"line":66,"column":49},"end":{"line":66,"column":60}},"26":{"start":{"line":68,"column":54},"end":{"line":68,"column":103}},"27":{"start":{"line":68,"column":70},"end":{"line":68,"column":102}},"28":{"start":{"line":69,"column":12},"end":{"line":69,"column":30}},"29":{"start":{"line":70,"column":12},"end":{"line":70,"column":28}},"30":{"start":{"line":55,"column":0},"end":{"line":55,"column":16}}},"fnMap":{"0":{"name":"getShoppingCart","decl":{"start":{"line":5,"column":16},"end":{"line":5,"column":31}},"loc":{"start":{"line":5,"column":31},"end":{"line":15,"column":1}}},"1":{"name":"(anonymous_1)","decl":{"start":{"line":8,"column":51},"end":{"line":8,"column":57}},"loc":{"start":{"line":8,"column":60},"end":{"line":14,"column":5}}},"2":{"name":"(anonymous_2)","decl":{"start":{"line":11,"column":53},"end":{"line":11,"column":56}},"loc":{"start":{"line":11,"column":60},"end":{"line":11,"column":86}}},"3":{"name":"createShoppingCart","decl":{"start":{"line":35,"column":16},"end":{"line":35,"column":34}},"loc":{"start":{"line":35,"column":57},"end":{"line":44,"column":1}}},"4":{"name":"(anonymous_4)","decl":{"start":{"line":43,"column":12},"end":{"line":43,"column":18}},"loc":{"start":{"line":43,"column":22},"end":{"line":43,"column":75}}},"5":{"name":"(anonymous_5)","decl":{"start":{"line":43,"column":38},"end":{"line":43,"column":41}},"loc":{"start":{"line":43,"column":45},"end":{"line":43,"column":71}}},"6":{"name":"deleteShoppingCart","decl":{"start":{"line":47,"column":16},"end":{"line":47,"column":34}},"loc":{"start":{"line":47,"column":57},"end":{"line":53,"column":1}}},"7":{"name":"(anonymous_7)","decl":{"start":{"line":52,"column":10},"end":{"line":52,"column":16}},"loc":{"start":{"line":52,"column":20},"end":{"line":52,"column":69}}},"8":{"name":"(anonymous_8)","decl":{"start":{"line":52,"column":36},"end":{"line":52,"column":37}},"loc":{"start":{"line":52,"column":41},"end":{"line":52,"column":65}}},"9":{"name":"getAllCartsForUser","decl":{"start":{"line":55,"column":16},"end":{"line":55,"column":34}},"loc":{"start":{"line":55,"column":45},"end":{"line":72,"column":1}}},"10":{"name":"(anonymous_10)","decl":{"start":{"line":65,"column":14},"end":{"line":65,"column":20}},"loc":{"start":{"line":65,"column":23},"end":{"line":71,"column":9}}},"11":{"name":"(anonymous_11)","decl":{"start":{"line":68,"column":63},"end":{"line":68,"column":66}},"loc":{"start":{"line":68,"column":70},"end":{"line":68,"column":102}}}},"branchMap":{},"s":{"0":2,"1":2,"2":2,"3":0,"4":0,"5":0,"6":0,"7":0,"8":0,"9":0,"10":2,"11":0,"12":0,"13":0,"14":0,"15":2,"16":0,"17":0,"18":0,"19":0,"20":0,"21":2,"22":0,"23":0,"24":0,"25":0,"26":0,"27":0,"28":0,"29":0,"30":2},"f":{"0":0,"1":0,"2":0,"3":0,"4":0,"5":0,"6":0,"7":0,"8":0,"9":0,"10":0,"11":0},"b":{}}
,"D:\\GitHub\\ken_renelt_p0\\src\\daos\\userDao.ts": {"path":"D:\\GitHub\\ken_renelt_p0\\src\\daos\\userDao.ts","statementMap":{"0":{"start":{"line":1,"column":0},"end":{"line":1,"column":32}},"1":{"start":{"line":2,"column":0},"end":{"line":2,"column":52}},"2":{"start":{"line":8,"column":16},"end":{"line":8,"column":37}},"3":{"start":{"line":11,"column":4},"end":{"line":17,"column":7}},"4":{"start":{"line":12,"column":31},"end":{"line":12,"column":42}},"5":{"start":{"line":14,"column":33},"end":{"line":14,"column":64}},"6":{"start":{"line":14,"column":49},"end":{"line":14,"column":63}},"7":{"start":{"line":16,"column":8},"end":{"line":16,"column":24}},"8":{"start":{"line":5,"column":0},"end":{"line":5,"column":16}},"9":{"start":{"line":24,"column":17},"end":{"line":24,"column":52}},"10":{"start":{"line":27,"column":5},"end":{"line":28,"column":64}},"11":{"start":{"line":28,"column":25},"end":{"line":28,"column":62}},"12":{"start":{"line":28,"column":46},"end":{"line":28,"column":58}},"13":{"start":{"line":21,"column":0},"end":{"line":21,"column":16}},"14":{"start":{"line":35,"column":16},"end":{"line":36,"column":45}},"15":{"start":{"line":39,"column":5},"end":{"line":45,"column":65}},"16":{"start":{"line":45,"column":22},"end":{"line":45,"column":63}},"17":{"start":{"line":45,"column":45},"end":{"line":45,"column":59}},"18":{"start":{"line":32,"column":1},"end":{"line":32,"column":17}},"19":{"start":{"line":52,"column":16},"end":{"line":55,"column":31}},"20":{"start":{"line":58,"column":4},"end":{"line":65,"column":61}},"21":{"start":{"line":65,"column":22},"end":{"line":65,"column":59}},"22":{"start":{"line":65,"column":43},"end":{"line":65,"column":55}},"23":{"start":{"line":49,"column":1},"end":{"line":49,"column":17}},"24":{"start":{"line":71,"column":16},"end":{"line":71,"column":49}},"25":{"start":{"line":74,"column":4},"end":{"line":74,"column":99}},"26":{"start":{"line":74,"column":60},"end":{"line":74,"column":97}},"27":{"start":{"line":74,"column":81},"end":{"line":74,"column":93}},"28":{"start":{"line":69,"column":0},"end":{"line":69,"column":16}}},"fnMap":{"0":{"name":"getAllUsers","decl":{"start":{"line":5,"column":16},"end":{"line":5,"column":27}},"loc":{"start":{"line":5,"column":27},"end":{"line":18,"column":1}}},"1":{"name":"(anonymous_1)","decl":{"start":{"line":11,"column":43},"end":{"line":11,"column":49}},"loc":{"start":{"line":11,"column":52},"end":{"line":17,"column":5}}},"2":{"name":"(anonymous_2)","decl":{"start":{"line":14,"column":42},"end":{"line":14,"column":45}},"loc":{"start":{"line":14,"column":49},"end":{"line":14,"column":63}}},"3":{"name":"getUserById","decl":{"start":{"line":21,"column":16},"end":{"line":21,"column":27}},"loc":{"start":{"line":21,"column":38},"end":{"line":29,"column":2}}},"4":{"name":"(anonymous_4)","decl":{"start":{"line":28,"column":15},"end":{"line":28,"column":21}},"loc":{"start":{"line":28,"column":25},"end":{"line":28,"column":62}}},"5":{"name":"(anonymous_5)","decl":{"start":{"line":28,"column":41},"end":{"line":28,"column":42}},"loc":{"start":{"line":28,"column":46},"end":{"line":28,"column":58}}},"6":{"name":"saveUser","decl":{"start":{"line":32,"column":17},"end":{"line":32,"column":25}},"loc":{"start":{"line":32,"column":36},"end":{"line":46,"column":2}}},"7":{"name":"(anonymous_7)","decl":{"start":{"line":45,"column":12},"end":{"line":45,"column":18}},"loc":{"start":{"line":45,"column":22},"end":{"line":45,"column":63}}},"8":{"name":"(anonymous_8)","decl":{"start":{"line":45,"column":38},"end":{"line":45,"column":41}},"loc":{"start":{"line":45,"column":45},"end":{"line":45,"column":59}}},"9":{"name":"patchUser","decl":{"start":{"line":49,"column":17},"end":{"line":49,"column":26}},"loc":{"start":{"line":49,"column":37},"end":{"line":66,"column":2}}},"10":{"name":"(anonymous_10)","decl":{"start":{"line":65,"column":12},"end":{"line":65,"column":18}},"loc":{"start":{"line":65,"column":22},"end":{"line":65,"column":59}}},"11":{"name":"(anonymous_11)","decl":{"start":{"line":65,"column":38},"end":{"line":65,"column":39}},"loc":{"start":{"line":65,"column":43},"end":{"line":65,"column":55}}},"12":{"name":"deleteUser","decl":{"start":{"line":69,"column":16},"end":{"line":69,"column":26}},"loc":{"start":{"line":69,"column":37},"end":{"line":75,"column":1}}},"13":{"name":"(anonymous_13)","decl":{"start":{"line":74,"column":50},"end":{"line":74,"column":56}},"loc":{"start":{"line":74,"column":60},"end":{"line":74,"column":97}}},"14":{"name":"(anonymous_14)","decl":{"start":{"line":74,"column":76},"end":{"line":74,"column":77}},"loc":{"start":{"line":74,"column":81},"end":{"line":74,"column":93}}}},"branchMap":{},"s":{"0":2,"1":2,"2":0,"3":0,"4":0,"5":0,"6":0,"7":0,"8":2,"9":0,"10":0,"11":0,"12":0,"13":2,"14":0,"15":0,"16":0,"17":0,"18":2,"19":0,"20":0,"21":0,"22":0,"23":2,"24":0,"25":0,"26":0,"27":0,"28":2},"f":{"0":0,"1":0,"2":0,"3":0,"4":0,"5":0,"6":0,"7":0,"8":0,"9":0,"10":0,"11":0,"12":0,"13":0,"14":0},"b":{}}
,"D:\\GitHub\\ken_renelt_p0\\src\\data-models\\Item.ts": {"path":"D:\\GitHub\\ken_renelt_p0\\src\\data-models\\Item.ts","statementMap":{"0":{"start":{"line":18,"column":8},"end":{"line":18,"column":21}},"1":{"start":{"line":19,"column":8},"end":{"line":19,"column":33}},"2":{"start":{"line":20,"column":8},"end":{"line":20,"column":39}},"3":{"start":{"line":21,"column":8},"end":{"line":21,"column":27}},"4":{"start":{"line":22,"column":8},"end":{"line":22,"column":41}},"5":{"start":{"line":10,"column":21},"end":{"line":11,"column":null}},"6":{"start":{"line":13,"column":8},"end":{"line":13,"column":20}},"7":{"start":{"line":1,"column":0},"end":{"line":1,"column":13}}},"fnMap":{"0":{"name":"(anonymous_0)","decl":{"start":{"line":16,"column":4},"end":{"line":16,"column":16}},"loc":{"start":{"line":16,"column":62},"end":{"line":23,"column":5}}},"1":{"name":"(anonymous_1)","decl":{"start":{"line":8,"column":4},"end":{"line":8,"column":10}},"loc":{"start":{"line":8,"column":28},"end":{"line":14,"column":5}}}},"branchMap":{},"s":{"0":3,"1":3,"2":3,"3":3,"4":3,"5":1,"6":1,"7":4},"f":{"0":3,"1":1},"b":{}}
,"D:\\GitHub\\ken_renelt_p0\\src\\data-models\\PrettyShoppingCart.ts": {"path":"D:\\GitHub\\ken_renelt_p0\\src\\data-models\\PrettyShoppingCart.ts","statementMap":{"0":{"start":{"line":17,"column":12},"end":{"line":17,"column":39}},"1":{"start":{"line":18,"column":12},"end":{"line":18,"column":43}},"2":{"start":{"line":19,"column":12},"end":{"line":19,"column":31}},"3":{"start":{"line":20,"column":12},"end":{"line":20,"column":37}},"4":{"start":{"line":10,"column":25},"end":{"line":11,"column":null}},"5":{"start":{"line":13,"column":12},"end":{"line":13,"column":24}},"6":{"start":{"line":2,"column":0},"end":{"line":2,"column":13}}},"fnMap":{"0":{"name":"(anonymous_0)","decl":{"start":{"line":15,"column":8},"end":{"line":15,"column":20}},"loc":{"start":{"line":15,"column":59},"end":{"line":21,"column":9}}},"1":{"name":"(anonymous_1)","decl":{"start":{"line":8,"column":8},"end":{"line":8,"column":14}},"loc":{"start":{"line":8,"column":46},"end":{"line":14,"column":9}}}},"branchMap":{},"s":{"0":1,"1":1,"2":1,"3":1,"4":1,"5":1,"6":3},"f":{"0":1,"1":1},"b":{}}
,"D:\\GitHub\\ken_renelt_p0\\src\\data-models\\shoppingCart.ts": {"path":"D:\\GitHub\\ken_renelt_p0\\src\\data-models\\shoppingCart.ts","statementMap":{"0":{"start":{"line":19,"column":8},"end":{"line":19,"column":21}},"1":{"start":{"line":20,"column":8},"end":{"line":20,"column":31}},"2":{"start":{"line":21,"column":8},"end":{"line":21,"column":35}},"3":{"start":{"line":22,"column":8},"end":{"line":22,"column":33}},"4":{"start":{"line":11,"column":21},"end":{"line":12,"column":null}},"5":{"start":{"line":14,"column":8},"end":{"line":14,"column":20}},"6":{"start":{"line":3,"column":0},"end":{"line":3,"column":13}}},"fnMap":{"0":{"name":"(anonymous_0)","decl":{"start":{"line":17,"column":4},"end":{"line":17,"column":16}},"loc":{"start":{"line":17,"column":48},"end":{"line":23,"column":5}}},"1":{"name":"(anonymous_1)","decl":{"start":{"line":9,"column":4},"end":{"line":9,"column":10}},"loc":{"start":{"line":9,"column":36},"end":{"line":15,"column":5}}}},"branchMap":{},"s":{"0":1,"1":1,"2":1,"3":1,"4":1,"5":1,"6":5},"f":{"0":1,"1":1},"b":{}}
,"D:\\GitHub\\ken_renelt_p0\\src\\data-models\\user.ts": {"path":"D:\\GitHub\\ken_renelt_p0\\src\\data-models\\user.ts","statementMap":{"0":{"start":{"line":18,"column":8},"end":{"line":18,"column":21}},"1":{"start":{"line":19,"column":8},"end":{"line":19,"column":35}},"2":{"start":{"line":20,"column":8},"end":{"line":20,"column":33}},"3":{"start":{"line":21,"column":8},"end":{"line":21,"column":33}},"4":{"start":{"line":22,"column":8},"end":{"line":22,"column":35}},"5":{"start":{"line":23,"column":8},"end":{"line":23,"column":35}},"6":{"start":{"line":11,"column":20},"end":{"line":12,"column":null}},"7":{"start":{"line":14,"column":7},"end":{"line":14,"column":19}},"8":{"start":{"line":1,"column":0},"end":{"line":1,"column":13}}},"fnMap":{"0":{"name":"(anonymous_0)","decl":{"start":{"line":16,"column":4},"end":{"line":16,"column":16}},"loc":{"start":{"line":16,"column":71},"end":{"line":24,"column":5}}},"1":{"name":"(anonymous_1)","decl":{"start":{"line":9,"column":3},"end":{"line":9,"column":9}},"loc":{"start":{"line":9,"column":28},"end":{"line":15,"column":4}}}},"branchMap":{},"s":{"0":2,"1":2,"2":2,"3":2,"4":2,"5":2,"6":1,"7":1,"8":4},"f":{"0":2,"1":1},"b":{}}
,"D:\\GitHub\\ken_renelt_p0\\src\\routers\\item-router.ts": {"path":"D:\\GitHub\\ken_renelt_p0\\src\\routers\\item-router.ts","statementMap":{"0":{"start":{"line":1,"column":0},"end":{"line":1,"column":30}},"1":{"start":{"line":2,"column":0},"end":{"line":2,"column":56}},"2":{"start":{"line":4,"column":13},"end":{"line":4,"column":43}},"3":{"start":{"line":6,"column":14},"end":{"line":6,"column":16}},"4":{"start":{"line":9,"column":0},"end":{"line":18,"column":3}},"5":{"start":{"line":10,"column":4},"end":{"line":17,"column":7}},"6":{"start":{"line":12,"column":8},"end":{"line":12,"column":29}},"7":{"start":{"line":13,"column":8},"end":{"line":13,"column":15}},"8":{"start":{"line":16,"column":8},"end":{"line":16,"column":33}},"9":{"start":{"line":21,"column":0},"end":{"line":33,"column":3}},"10":{"start":{"line":22,"column":15},"end":{"line":22,"column":33}},"11":{"start":{"line":24,"column":4},"end":{"line":32,"column":7}},"12":{"start":{"line":25,"column":8},"end":{"line":31,"column":null}},"13":{"start":{"line":27,"column":12},"end":{"line":27,"column":37}},"14":{"start":{"line":30,"column":12},"end":{"line":30,"column":32}},"15":{"start":{"line":36,"column":0},"end":{"line":48,"column":3}},"16":{"start":{"line":37,"column":17},"end":{"line":37,"column":29}},"17":{"start":{"line":39,"column":4},"end":{"line":47,"column":null}},"18":{"start":{"line":41,"column":8},"end":{"line":41,"column":34}},"19":{"start":{"line":44,"column":8},"end":{"line":44,"column":33}},"20":{"start":{"line":46,"column":8},"end":{"line":46,"column":15}},"21":{"start":{"line":51,"column":0},"end":{"line":61,"column":3}},"22":{"start":{"line":52,"column":17},"end":{"line":52,"column":29}},"23":{"start":{"line":54,"column":4},"end":{"line":60,"column":7}},"24":{"start":{"line":56,"column":8},"end":{"line":56,"column":35}},"25":{"start":{"line":59,"column":8},"end":{"line":59,"column":33}},"26":{"start":{"line":63,"column":0},"end":{"line":74,"column":3}},"27":{"start":{"line":64,"column":17},"end":{"line":64,"column":29}},"28":{"start":{"line":65,"column":4},"end":{"line":73,"column":null}},"29":{"start":{"line":67,"column":8},"end":{"line":67,"column":31}},"30":{"start":{"line":70,"column":8},"end":{"line":70,"column":33}},"31":{"start":{"line":72,"column":8},"end":{"line":72,"column":15}},"32":{"start":{"line":76,"column":0},"end":{"line":87,"column":3}},"33":{"start":{"line":77,"column":17},"end":{"line":77,"column":29}},"34":{"start":{"line":78,"column":4},"end":{"line":86,"column":null}},"35":{"start":{"line":80,"column":8},"end":{"line":80,"column":31}},"36":{"start":{"line":83,"column":8},"end":{"line":83,"column":33}},"37":{"start":{"line":85,"column":8},"end":{"line":85,"column":15}}},"fnMap":{"0":{"name":"(anonymous_2)","decl":{"start":{"line":9,"column":19},"end":{"line":9,"column":20}},"loc":{"start":{"line":9,"column":47},"end":{"line":18,"column":1}}},"1":{"name":"(anonymous_3)","decl":{"start":{"line":10,"column":35},"end":{"line":10,"column":40}},"loc":{"start":{"line":10,"column":43},"end":{"line":14,"column":5}}},"2":{"name":"(anonymous_4)","decl":{"start":{"line":14,"column":13},"end":{"line":14,"column":16}},"loc":{"start":{"line":14,"column":19},"end":{"line":17,"column":5}}},"3":{"name":"(anonymous_5)","decl":{"start":{"line":21,"column":23},"end":{"line":21,"column":24}},"loc":{"start":{"line":21,"column":51},"end":{"line":33,"column":1}}},"4":{"name":"(anonymous_6)","decl":{"start":{"line":24,"column":39},"end":{"line":24,"column":43}},"loc":{"start":{"line":24,"column":46},"end":{"line":32,"column":5}}},"5":{"name":"(anonymous_7)","decl":{"start":{"line":36,"column":25},"end":{"line":36,"column":26}},"loc":{"start":{"line":36,"column":53},"end":{"line":48,"column":1}}},"6":{"name":"(anonymous_8)","decl":{"start":{"line":40,"column":10},"end":{"line":40,"column":20}},"loc":{"start":{"line":40,"column":23},"end":{"line":42,"column":5}}},"7":{"name":"(anonymous_9)","decl":{"start":{"line":42,"column":13},"end":{"line":42,"column":16}},"loc":{"start":{"line":42,"column":19},"end":{"line":45,"column":5}}},"8":{"name":"(anonymous_10)","decl":{"start":{"line":45,"column":15},"end":{"line":45,"column":18}},"loc":{"start":{"line":45,"column":20},"end":{"line":47,"column":5}}},"9":{"name":"(anonymous_11)","decl":{"start":{"line":51,"column":26},"end":{"line":51,"column":27}},"loc":{"start":{"line":51,"column":54},"end":{"line":61,"column":1}}},"10":{"name":"(anonymous_12)","decl":{"start":{"line":55,"column":10},"end":{"line":55,"column":21}},"loc":{"start":{"line":55,"column":24},"end":{"line":57,"column":5}}},"11":{"name":"(anonymous_13)","decl":{"start":{"line":57,"column":13},"end":{"line":57,"column":16}},"loc":{"start":{"line":57,"column":19},"end":{"line":60,"column":5}}},"12":{"name":"(anonymous_14)","decl":{"start":{"line":63,"column":20},"end":{"line":63,"column":21}},"loc":{"start":{"line":63,"column":48},"end":{"line":74,"column":1}}},"13":{"name":"(anonymous_15)","decl":{"start":{"line":66,"column":10},"end":{"line":66,"column":17}},"loc":{"start":{"line":66,"column":20},"end":{"line":68,"column":5}}},"14":{"name":"(anonymous_16)","decl":{"start":{"line":68,"column":13},"end":{"line":68,"column":16}},"loc":{"start":{"line":68,"column":19},"end":{"line":71,"column":5}}},"15":{"name":"(anonymous_17)","decl":{"start":{"line":71,"column":15},"end":{"line":71,"column":18}},"loc":{"start":{"line":71,"column":20},"end":{"line":73,"column":5}}},"16":{"name":"(anonymous_18)","decl":{"start":{"line":76,"column":24},"end":{"line":76,"column":25}},"loc":{"start":{"line":76,"column":52},"end":{"line":87,"column":1}}},"17":{"name":"(anonymous_19)","decl":{"start":{"line":79,"column":10},"end":{"line":79,"column":17}},"loc":{"start":{"line":79,"column":20},"end":{"line":81,"column":5}}},"18":{"name":"(anonymous_20)","decl":{"start":{"line":81,"column":13},"end":{"line":81,"column":16}},"loc":{"start":{"line":81,"column":19},"end":{"line":84,"column":5}}},"19":{"name":"(anonymous_21)","decl":{"start":{"line":84,"column":15},"end":{"line":84,"column":18}},"loc":{"start":{"line":84,"column":20},"end":{"line":86,"column":5}}}},"branchMap":{"0":{"loc":{"start":{"line":25,"column":8},"end":{"line":31,"column":null}},"type":"if","locations":[{"start":{"line":25,"column":8},"end":{"line":31,"column":null}},{"start":{"line":25,"column":8},"end":{"line":31,"column":null}}]}},"s":{"0":1,"1":1,"2":1,"3":1,"4":1,"5":2,"6":1,"7":1,"8":1,"9":1,"10":1,"11":1,"12":1,"13":0,"14":1,"15":1,"16":2,"17":2,"18":1,"19":1,"20":2,"21":1,"22":2,"23":2,"24":1,"25":1,"26":1,"27":2,"28":2,"29":1,"30":1,"31":2,"32":1,"33":2,"34":2,"35":0,"36":1,"37":1},"f":{"0":2,"1":1,"2":1,"3":1,"4":1,"5":2,"6":1,"7":1,"8":2,"9":2,"10":1,"11":1,"12":2,"13":1,"14":1,"15":2,"16":2,"17":0,"18":1,"19":1},"b":{"0":[0,1]}}
,"D:\\GitHub\\ken_renelt_p0\\src\\routers\\shoppingCart-router.ts": {"path":"D:\\GitHub\\ken_renelt_p0\\src\\routers\\shoppingCart-router.ts","statementMap":{"0":{"start":{"line":1,"column":0},"end":{"line":1,"column":30}},"1":{"start":{"line":2,"column":0},"end":{"line":2,"column":64}},"2":{"start":{"line":5,"column":13},"end":{"line":5,"column":43}},"3":{"start":{"line":8,"column":0},"end":{"line":17,"column":3}},"4":{"start":{"line":10,"column":4},"end":{"line":16,"column":7}},"5":{"start":{"line":12,"column":8},"end":{"line":12,"column":29}},"6":{"start":{"line":15,"column":8},"end":{"line":15,"column":33}},"7":{"start":{"line":20,"column":0},"end":{"line":31,"column":null}},"8":{"start":{"line":21,"column":15},"end":{"line":21,"column":33}},"9":{"start":{"line":22,"column":3},"end":{"line":30,"column":7}},"10":{"start":{"line":24,"column":8},"end":{"line":24,"column":29}},"11":{"start":{"line":25,"column":8},"end":{"line":25,"column":15}},"12":{"start":{"line":29,"column":8},"end":{"line":29,"column":33}},"13":{"start":{"line":35,"column":1},"end":{"line":44,"column":4}},"14":{"start":{"line":36,"column":17},"end":{"line":36,"column":29}},"15":{"start":{"line":37,"column":5},"end":{"line":43,"column":8}},"16":{"start":{"line":39,"column":9},"end":{"line":39,"column":36}},"17":{"start":{"line":42,"column":9},"end":{"line":42,"column":34}},"18":{"start":{"line":47,"column":1},"end":{"line":59,"column":null}},"19":{"start":{"line":48,"column":18},"end":{"line":48,"column":30}},"20":{"start":{"line":50,"column":5},"end":{"line":58,"column":null}},"21":{"start":{"line":52,"column":9},"end":{"line":52,"column":36}},"22":{"start":{"line":55,"column":9},"end":{"line":55,"column":34}},"23":{"start":{"line":57,"column":9},"end":{"line":57,"column":16}}},"fnMap":{"0":{"name":"(anonymous_2)","decl":{"start":{"line":8,"column":19},"end":{"line":8,"column":20}},"loc":{"start":{"line":8,"column":47},"end":{"line":17,"column":1}}},"1":{"name":"(anonymous_3)","decl":{"start":{"line":10,"column":39},"end":{"line":10,"column":44}},"loc":{"start":{"line":10,"column":47},"end":{"line":13,"column":5}}},"2":{"name":"(anonymous_4)","decl":{"start":{"line":13,"column":13},"end":{"line":13,"column":16}},"loc":{"start":{"line":13,"column":19},"end":{"line":16,"column":5}}},"3":{"name":"(anonymous_5)","decl":{"start":{"line":20,"column":23},"end":{"line":20,"column":24}},"loc":{"start":{"line":20,"column":51},"end":{"line":31,"column":1}}},"4":{"name":"(anonymous_6)","decl":{"start":{"line":22,"column":43},"end":{"line":22,"column":48}},"loc":{"start":{"line":22,"column":51},"end":{"line":27,"column":5}}},"5":{"name":"(anonymous_7)","decl":{"start":{"line":27,"column":13},"end":{"line":27,"column":16}},"loc":{"start":{"line":27,"column":19},"end":{"line":30,"column":5}}},"6":{"name":"(anonymous_8)","decl":{"start":{"line":35,"column":27},"end":{"line":35,"column":28}},"loc":{"start":{"line":35,"column":55},"end":{"line":44,"column":2}}},"7":{"name":"(anonymous_9)","decl":{"start":{"line":38,"column":11},"end":{"line":38,"column":22}},"loc":{"start":{"line":38,"column":25},"end":{"line":40,"column":6}}},"8":{"name":"(anonymous_10)","decl":{"start":{"line":40,"column":14},"end":{"line":40,"column":17}},"loc":{"start":{"line":40,"column":20},"end":{"line":43,"column":6}}},"9":{"name":"(anonymous_11)","decl":{"start":{"line":47,"column":21},"end":{"line":47,"column":22}},"loc":{"start":{"line":47,"column":49},"end":{"line":59,"column":2}}},"10":{"name":"(anonymous_12)","decl":{"start":{"line":51,"column":11},"end":{"line":51,"column":22}},"loc":{"start":{"line":51,"column":25},"end":{"line":53,"column":6}}},"11":{"name":"(anonymous_13)","decl":{"start":{"line":53,"column":14},"end":{"line":53,"column":17}},"loc":{"start":{"line":53,"column":20},"end":{"line":56,"column":6}}},"12":{"name":"(anonymous_14)","decl":{"start":{"line":56,"column":16},"end":{"line":56,"column":19}},"loc":{"start":{"line":56,"column":21},"end":{"line":58,"column":6}}}},"branchMap":{},"s":{"0":1,"1":1,"2":1,"3":1,"4":2,"5":1,"6":1,"7":1,"8":2,"9":2,"10":1,"11":1,"12":1,"13":1,"14":2,"15":2,"16":1,"17":1,"18":1,"19":2,"20":2,"21":1,"22":1,"23":2},"f":{"0":2,"1":1,"2":1,"3":2,"4":1,"5":1,"6":2,"7":1,"8":1,"9":2,"10":1,"11":1,"12":2},"b":{}}
,"D:\\GitHub\\ken_renelt_p0\\src\\routers\\user-router.ts": {"path":"D:\\GitHub\\ken_renelt_p0\\src\\routers\\user-router.ts","statementMap":{"0":{"start":{"line":1,"column":0},"end":{"line":1,"column":30}},"1":{"start":{"line":2,"column":0},"end":{"line":2,"column":56}},"2":{"start":{"line":4,"column":13},"end":{"line":4,"column":43}},"3":{"start":{"line":6,"column":14},"end":{"line":6,"column":16}},"4":{"start":{"line":8,"column":0},"end":{"line":18,"column":3}},"5":{"start":{"line":9,"column":4},"end":{"line":17,"column":7}},"6":{"start":{"line":11,"column":7},"end":{"line":11,"column":56}},"7":{"start":{"line":12,"column":8},"end":{"line":12,"column":29}},"8":{"start":{"line":13,"column":8},"end":{"line":13,"column":15}},"9":{"start":{"line":16,"column":8},"end":{"line":16,"column":33}},"10":{"start":{"line":20,"column":0},"end":{"line":31,"column":3}},"11":{"start":{"line":21,"column":15},"end":{"line":21,"column":33}},"12":{"start":{"line":22,"column":4},"end":{"line":30,"column":null}},"13":{"start":{"line":23,"column":8},"end":{"line":29,"column":null}},"14":{"start":{"line":25,"column":12},"end":{"line":25,"column":37}},"15":{"start":{"line":28,"column":12},"end":{"line":28,"column":32}},"16":{"start":{"line":33,"column":0},"end":{"line":47,"column":3}},"17":{"start":{"line":35,"column":17},"end":{"line":35,"column":29}},"18":{"start":{"line":37,"column":4},"end":{"line":46,"column":7}},"19":{"start":{"line":39,"column":8},"end":{"line":39,"column":29}},"20":{"start":{"line":40,"column":8},"end":{"line":40,"column":31}},"21":{"start":{"line":41,"column":8},"end":{"line":41,"column":15}},"22":{"start":{"line":44,"column":8},"end":{"line":44,"column":33}},"23":{"start":{"line":45,"column":8},"end":{"line":45,"column":15}},"24":{"start":{"line":49,"column":0},"end":{"line":60,"column":3}},"25":{"start":{"line":50,"column":17},"end":{"line":50,"column":29}},"26":{"start":{"line":51,"column":4},"end":{"line":59,"column":7}},"27":{"start":{"line":53,"column":8},"end":{"line":53,"column":35}},"28":{"start":{"line":56,"column":8},"end":{"line":56,"column":33}},"29":{"start":{"line":58,"column":8},"end":{"line":58,"column":15}}},"fnMap":{"0":{"name":"(anonymous_2)","decl":{"start":{"line":8,"column":19},"end":{"line":8,"column":20}},"loc":{"start":{"line":8,"column":47},"end":{"line":18,"column":1}}},"1":{"name":"(anonymous_3)","decl":{"start":{"line":9,"column":35},"end":{"line":9,"column":40}},"loc":{"start":{"line":9,"column":43},"end":{"line":14,"column":5}}},"2":{"name":"(anonymous_4)","decl":{"start":{"line":14,"column":13},"end":{"line":14,"column":16}},"loc":{"start":{"line":14,"column":19},"end":{"line":17,"column":5}}},"3":{"name":"(anonymous_5)","decl":{"start":{"line":20,"column":23},"end":{"line":20,"column":24}},"loc":{"start":{"line":20,"column":51},"end":{"line":31,"column":1}}},"4":{"name":"(anonymous_6)","decl":{"start":{"line":22,"column":37},"end":{"line":22,"column":41}},"loc":{"start":{"line":22,"column":44},"end":{"line":30,"column":5}}},"5":{"name":"(anonymous_7)","decl":{"start":{"line":33,"column":20},"end":{"line":33,"column":21}},"loc":{"start":{"line":33,"column":48},"end":{"line":47,"column":1}}},"6":{"name":"(anonymous_8)","decl":{"start":{"line":38,"column":10},"end":{"line":38,"column":17}},"loc":{"start":{"line":38,"column":20},"end":{"line":42,"column":5}}},"7":{"name":"(anonymous_9)","decl":{"start":{"line":42,"column":13},"end":{"line":42,"column":16}},"loc":{"start":{"line":42,"column":19},"end":{"line":46,"column":5}}},"8":{"name":"(anonymous_10)","decl":{"start":{"line":49,"column":21},"end":{"line":49,"column":22}},"loc":{"start":{"line":49,"column":49},"end":{"line":60,"column":1}}},"9":{"name":"(anonymous_11)","decl":{"start":{"line":52,"column":10},"end":{"line":52,"column":21}},"loc":{"start":{"line":52,"column":24},"end":{"line":54,"column":5}}},"10":{"name":"(anonymous_12)","decl":{"start":{"line":54,"column":13},"end":{"line":54,"column":16}},"loc":{"start":{"line":54,"column":19},"end":{"line":57,"column":5}}},"11":{"name":"(anonymous_13)","decl":{"start":{"line":57,"column":15},"end":{"line":57,"column":18}},"loc":{"start":{"line":57,"column":20},"end":{"line":59,"column":5}}}},"branchMap":{"0":{"loc":{"start":{"line":23,"column":8},"end":{"line":29,"column":null}},"type":"if","locations":[{"start":{"line":23,"column":8},"end":{"line":29,"column":null}},{"start":{"line":23,"column":8},"end":{"line":29,"column":null}}]}},"s":{"0":1,"1":1,"2":1,"3":1,"4":1,"5":3,"6":1,"7":1,"8":1,"9":2,"10":1,"11":2,"12":2,"13":2,"14":1,"15":1,"16":1,"17":2,"18":2,"19":1,"20":1,"21":1,"22":1,"23":1,"24":1,"25":2,"26":2,"27":1,"28":1,"29":2},"f":{"0":3,"1":1,"2":2,"3":2,"4":2,"5":2,"6":1,"7":1,"8":2,"9":1,"10":1,"11":2},"b":{"0":[1,1]}}
,"D:\\GitHub\\ken_renelt_p0\\src\\services\\item-service.ts": {"path":"D:\\GitHub\\ken_renelt_p0\\src\\services\\item-service.ts","statementMap":{"0":{"start":{"line":1,"column":0},"end":{"line":1,"column":43}},"1":{"start":{"line":2,"column":0},"end":{"line":2,"column":43}},"2":{"start":{"line":11,"column":4},"end":{"line":11,"column":33}},"3":{"start":{"line":10,"column":0},"end":{"line":10,"column":16}},"4":{"start":{"line":16,"column":4},"end":{"line":16,"column":37}},"5":{"start":{"line":15,"column":0},"end":{"line":15,"column":16}},"6":{"start":{"line":21,"column":4},"end":{"line":21,"column":36}},"7":{"start":{"line":20,"column":0},"end":{"line":20,"column":16}},"8":{"start":{"line":27,"column":17},"end":{"line":32,"column":null}},"9":{"start":{"line":35,"column":4},"end":{"line":38,"column":null}},"10":{"start":{"line":37,"column":8},"end":{"line":37,"column":31}},"11":{"start":{"line":39,"column":4},"end":{"line":39,"column":35}},"12":{"start":{"line":25,"column":0},"end":{"line":25,"column":16}},"13":{"start":{"line":44,"column":4},"end":{"line":47,"column":null}},"14":{"start":{"line":46,"column":8},"end":{"line":46,"column":31}},"15":{"start":{"line":48,"column":4},"end":{"line":48,"column":36}},"16":{"start":{"line":43,"column":0},"end":{"line":43,"column":16}},"17":{"start":{"line":53,"column":5},"end":{"line":53,"column":44}},"18":{"start":{"line":51,"column":1},"end":{"line":51,"column":17}}},"fnMap":{"0":{"name":"getAllItems","decl":{"start":{"line":10,"column":16},"end":{"line":10,"column":27}},"loc":{"start":{"line":10,"column":27},"end":{"line":12,"column":1}}},"1":{"name":"getSelectItem","decl":{"start":{"line":15,"column":16},"end":{"line":15,"column":29}},"loc":{"start":{"line":15,"column":39},"end":{"line":17,"column":1}}},"2":{"name":"createItem","decl":{"start":{"line":20,"column":16},"end":{"line":20,"column":26}},"loc":{"start":{"line":20,"column":36},"end":{"line":22,"column":1}}},"3":{"name":"patchItem","decl":{"start":{"line":25,"column":16},"end":{"line":25,"column":25}},"loc":{"start":{"line":25,"column":35},"end":{"line":40,"column":1}}},"4":{"name":"deleteItem","decl":{"start":{"line":43,"column":16},"end":{"line":43,"column":26}},"loc":{"start":{"line":43,"column":36},"end":{"line":49,"column":1}}},"5":{"name":"addItemToCart","decl":{"start":{"line":51,"column":17},"end":{"line":51,"column":30}},"loc":{"start":{"line":51,"column":57},"end":{"line":54,"column":2}}}},"branchMap":{"0":{"loc":{"start":{"line":35,"column":4},"end":{"line":38,"column":null}},"type":"if","locations":[{"start":{"line":35,"column":4},"end":{"line":38,"column":null}},{"start":{"line":35,"column":4},"end":{"line":38,"column":null}}]},"1":{"loc":{"start":{"line":44,"column":4},"end":{"line":47,"column":null}},"type":"if","locations":[{"start":{"line":44,"column":4},"end":{"line":47,"column":null}},{"start":{"line":44,"column":4},"end":{"line":47,"column":null}}]}},"s":{"0":2,"1":2,"2":1,"3":2,"4":1,"5":2,"6":1,"7":2,"8":2,"9":2,"10":1,"11":1,"12":2,"13":2,"14":1,"15":1,"16":2,"17":0,"18":2},"f":{"0":1,"1":1,"2":1,"3":2,"4":2,"5":0},"b":{"0":[1,1],"1":[1,1]}}
,"D:\\GitHub\\ken_renelt_p0\\src\\services\\shoppingCart-service.ts": {"path":"D:\\GitHub\\ken_renelt_p0\\src\\services\\shoppingCart-service.ts","statementMap":{"0":{"start":{"line":2,"column":0},"end":{"line":2,"column":51}},"1":{"start":{"line":7,"column":4},"end":{"line":7,"column":37}},"2":{"start":{"line":6,"column":0},"end":{"line":6,"column":16}},"3":{"start":{"line":19,"column":4},"end":{"line":19,"column":44}},"4":{"start":{"line":18,"column":0},"end":{"line":18,"column":16}},"5":{"start":{"line":24,"column":4},"end":{"line":24,"column":60}},"6":{"start":{"line":25,"column":4},"end":{"line":33,"column":null}},"7":{"start":{"line":27,"column":10},"end":{"line":27,"column":50}},"8":{"start":{"line":32,"column":10},"end":{"line":32,"column":63}},"9":{"start":{"line":32,"column":50},"end":{"line":32,"column":61}},"10":{"start":{"line":22,"column":0},"end":{"line":22,"column":16}},"11":{"start":{"line":37,"column":4},"end":{"line":37,"column":42}},"12":{"start":{"line":36,"column":0},"end":{"line":36,"column":16}}},"fnMap":{"0":{"name":"getShoppingCart","decl":{"start":{"line":6,"column":16},"end":{"line":6,"column":31}},"loc":{"start":{"line":6,"column":31},"end":{"line":8,"column":1}}},"1":{"name":"deleteShoppingCart","decl":{"start":{"line":18,"column":16},"end":{"line":18,"column":34}},"loc":{"start":{"line":18,"column":57},"end":{"line":20,"column":1}}},"2":{"name":"createShoppingCart","decl":{"start":{"line":22,"column":16},"end":{"line":22,"column":34}},"loc":{"start":{"line":22,"column":57},"end":{"line":34,"column":1}}},"3":{"name":"(anonymous_4)","decl":{"start":{"line":32,"column":29},"end":{"line":32,"column":30}},"loc":{"start":{"line":32,"column":50},"end":{"line":32,"column":61}}},"4":{"name":"getAllCartsForUser","decl":{"start":{"line":36,"column":16},"end":{"line":36,"column":34}},"loc":{"start":{"line":36,"column":44},"end":{"line":38,"column":1}}}},"branchMap":{"0":{"loc":{"start":{"line":25,"column":4},"end":{"line":33,"column":null}},"type":"if","locations":[{"start":{"line":25,"column":4},"end":{"line":33,"column":null}},{"start":{"line":25,"column":4},"end":{"line":33,"column":null}}]},"1":{"loc":{"start":{"line":25,"column":7},"end":{"line":25,"column":19}},"type":"binary-expr","locations":[{"start":{"line":25,"column":7},"end":{"line":25,"column":19}},{"start":{"line":25,"column":23},"end":{"line":25,"column":37}}]}},"s":{"0":2,"1":0,"2":2,"3":1,"4":2,"5":1,"6":1,"7":0,"8":1,"9":1,"10":2,"11":0,"12":2},"f":{"0":0,"1":1,"2":1,"3":1,"4":0},"b":{"0":[0,1],"1":[1,0]}}
,"D:\\GitHub\\ken_renelt_p0\\src\\services\\user-service.ts": {"path":"D:\\GitHub\\ken_renelt_p0\\src\\services\\user-service.ts","statementMap":{"0":{"start":{"line":9,"column":0},"end":{"line":9,"column":52}},"1":{"start":{"line":10,"column":0},"end":{"line":10,"column":43}},"2":{"start":{"line":14,"column":4},"end":{"line":14,"column":33}},"3":{"start":{"line":13,"column":0},"end":{"line":13,"column":16}},"4":{"start":{"line":19,"column":4},"end":{"line":19,"column":35}},"5":{"start":{"line":18,"column":0},"end":{"line":18,"column":16}},"6":{"start":{"line":27,"column":4},"end":{"line":36,"column":null}},"7":{"start":{"line":30,"column":8},"end":{"line":30,"column":38}},"8":{"start":{"line":35,"column":8},"end":{"line":35,"column":61}},"9":{"start":{"line":35,"column":48},"end":{"line":35,"column":59}},"10":{"start":{"line":24,"column":0},"end":{"line":24,"column":16}},"11":{"start":{"line":41,"column":17},"end":{"line":44,"column":null}},"12":{"start":{"line":47,"column":4},"end":{"line":50,"column":null}},"13":{"start":{"line":49,"column":8},"end":{"line":49,"column":31}},"14":{"start":{"line":52,"column":4},"end":{"line":52,"column":35}},"15":{"start":{"line":40,"column":0},"end":{"line":40,"column":16}},"16":{"start":{"line":57,"column":4},"end":{"line":60,"column":null}},"17":{"start":{"line":59,"column":8},"end":{"line":59,"column":31}},"18":{"start":{"line":61,"column":4},"end":{"line":61,"column":36}},"19":{"start":{"line":56,"column":0},"end":{"line":56,"column":16}}},"fnMap":{"0":{"name":"getAllUsers","decl":{"start":{"line":13,"column":16},"end":{"line":13,"column":27}},"loc":{"start":{"line":13,"column":27},"end":{"line":15,"column":1}}},"1":{"name":"getUserById","decl":{"start":{"line":18,"column":16},"end":{"line":18,"column":27}},"loc":{"start":{"line":18,"column":37},"end":{"line":20,"column":1}}},"2":{"name":"saveUser","decl":{"start":{"line":24,"column":16},"end":{"line":24,"column":24}},"loc":{"start":{"line":24,"column":33},"end":{"line":37,"column":1}}},"3":{"name":"(anonymous_4)","decl":{"start":{"line":35,"column":27},"end":{"line":35,"column":28}},"loc":{"start":{"line":35,"column":48},"end":{"line":35,"column":59}}},"4":{"name":"patchUser","decl":{"start":{"line":40,"column":16},"end":{"line":40,"column":25}},"loc":{"start":{"line":40,"column":35},"end":{"line":53,"column":1}}},"5":{"name":"deleteUser","decl":{"start":{"line":56,"column":16},"end":{"line":56,"column":26}},"loc":{"start":{"line":56,"column":37},"end":{"line":62,"column":1}}}},"branchMap":{"0":{"loc":{"start":{"line":27,"column":4},"end":{"line":36,"column":null}},"type":"if","locations":[{"start":{"line":27,"column":4},"end":{"line":36,"column":null}},{"start":{"line":27,"column":4},"end":{"line":36,"column":null}}]},"1":{"loc":{"start":{"line":27,"column":8},"end":{"line":27,"column":22}},"type":"binary-expr","locations":[{"start":{"line":27,"column":8},"end":{"line":27,"column":22}},{"start":{"line":27,"column":26},"end":{"line":27,"column":39}},{"start":{"line":27,"column":43},"end":{"line":27,"column":57}}]},"2":{"loc":{"start":{"line":47,"column":4},"end":{"line":50,"column":null}},"type":"if","locations":[{"start":{"line":47,"column":4},"end":{"line":50,"column":null}},{"start":{"line":47,"column":4},"end":{"line":50,"column":null}}]},"3":{"loc":{"start":{"line":57,"column":4},"end":{"line":60,"column":null}},"type":"if","locations":[{"start":{"line":57,"column":4},"end":{"line":60,"column":null}},{"start":{"line":57,"column":4},"end":{"line":60,"column":null}}]}},"s":{"0":2,"1":2,"2":1,"3":2,"4":1,"5":2,"6":5,"7":2,"8":3,"9":3,"10":2,"11":1,"12":1,"13":1,"14":0,"15":2,"16":2,"17":1,"18":1,"19":2},"f":{"0":1,"1":1,"2":5,"3":3,"4":1,"5":2},"b":{"0":[2,3],"1":[5,4,3],"2":[1,0],"3":[1,1]}}
}
