TN:
SF:src\daos\db.ts
FNF:0
FNH:0
DA:6,6
DA:8,6
LF:2
LH:2
BRF:0
BRH:0
end_of_record
TN:
SF:src\daos\itemDao.ts
FN:17,getAllItems
FN:20,(anonymous_1)
FN:23,(anonymous_2)
FN:29,getSelectItem
FN:33,(anonymous_4)
FN:33,(anonymous_5)
FN:36,createItem
FN:46,(anonymous_7)
FN:46,(anonymous_8)
FN:50,patchItem
FN:62,(anonymous_10)
FN:62,(anonymous_11)
FN:65,deleteItem
FN:70,(anonymous_13)
FN:70,(anonymous_14)
FN:73,addItemToCart
FN:81,(anonymous_16)
FN:81,(anonymous_17)
FNF:18
FNH:0
FNDA:0,getAllItems
FNDA:0,(anonymous_1)
FNDA:0,(anonymous_2)
FNDA:0,getSelectItem
FNDA:0,(anonymous_4)
FNDA:0,(anonymous_5)
FNDA:0,createItem
FNDA:0,(anonymous_7)
FNDA:0,(anonymous_8)
FNDA:0,patchItem
FNDA:0,(anonymous_10)
FNDA:0,(anonymous_11)
FNDA:0,deleteItem
FNDA:0,(anonymous_13)
FNDA:0,(anonymous_14)
FNDA:0,addItemToCart
FNDA:0,(anonymous_16)
FNDA:0,(anonymous_17)
DA:3,2
DA:4,2
DA:5,2
DA:17,2
DA:18,0
DA:20,0
DA:21,0
DA:23,0
DA:24,0
DA:25,0
DA:29,2
DA:30,0
DA:32,0
DA:33,0
DA:36,2
DA:38,0
DA:41,0
DA:46,0
DA:50,2
DA:51,0
DA:56,0
DA:62,0
DA:65,2
DA:66,0
DA:68,0
DA:70,0
DA:73,2
DA:74,0
DA:77,0
DA:81,0
LF:30
LH:9
BRF:0
BRH:0
end_of_record
TN:
SF:src\daos\shoppingCartDao.ts
FN:5,getShoppingCart
FN:8,(anonymous_1)
FN:11,(anonymous_2)
FN:35,createShoppingCart
FN:43,(anonymous_4)
FN:43,(anonymous_5)
FN:47,deleteShoppingCart
FN:52,(anonymous_7)
FN:52,(anonymous_8)
FN:55,getAllCartsForUser
FN:65,(anonymous_10)
FN:68,(anonymous_11)
FNF:12
FNH:0
FNDA:0,getShoppingCart
FNDA:0,(anonymous_1)
FNDA:0,(anonymous_2)
FNDA:0,createShoppingCart
FNDA:0,(anonymous_4)
FNDA:0,(anonymous_5)
FNDA:0,deleteShoppingCart
FNDA:0,(anonymous_7)
FNDA:0,(anonymous_8)
FNDA:0,getAllCartsForUser
FNDA:0,(anonymous_10)
FNDA:0,(anonymous_11)
DA:1,2
DA:2,2
DA:3,2
DA:5,2
DA:6,0
DA:8,0
DA:9,0
DA:11,0
DA:12,0
DA:13,0
DA:35,2
DA:36,0
DA:39,0
DA:43,0
DA:47,2
DA:48,0
DA:49,0
DA:51,0
DA:52,0
DA:55,2
DA:57,0
DA:60,0
DA:64,0
DA:66,0
DA:68,0
DA:69,0
DA:70,0
LF:27
LH:7
BRF:0
BRH:0
end_of_record
TN:
SF:src\daos\userDao.ts
FN:5,getAllUsers
FN:11,(anonymous_1)
FN:14,(anonymous_2)
FN:21,getUserById
FN:28,(anonymous_4)
FN:28,(anonymous_5)
FN:32,saveUser
FN:45,(anonymous_7)
FN:45,(anonymous_8)
FN:49,patchUser
FN:65,(anonymous_10)
FN:65,(anonymous_11)
FN:69,deleteUser
FN:74,(anonymous_13)
FN:74,(anonymous_14)
FNF:15
FNH:0
FNDA:0,getAllUsers
FNDA:0,(anonymous_1)
FNDA:0,(anonymous_2)
FNDA:0,getUserById
FNDA:0,(anonymous_4)
FNDA:0,(anonymous_5)
FNDA:0,saveUser
FNDA:0,(anonymous_7)
FNDA:0,(anonymous_8)
FNDA:0,patchUser
FNDA:0,(anonymous_10)
FNDA:0,(anonymous_11)
FNDA:0,deleteUser
FNDA:0,(anonymous_13)
FNDA:0,(anonymous_14)
DA:1,2
DA:2,2
DA:5,2
DA:8,0
DA:11,0
DA:12,0
DA:14,0
DA:16,0
DA:21,2
DA:24,0
DA:27,0
DA:28,0
DA:32,2
DA:35,0
DA:39,0
DA:45,0
DA:49,2
DA:52,0
DA:58,0
DA:65,0
DA:69,2
DA:71,0
DA:74,0
LF:23
LH:7
BRF:0
BRH:0
end_of_record
TN:
SF:src\data-models\Item.ts
FN:16,(anonymous_0)
FN:8,(anonymous_1)
FNF:2
FNH:2
FNDA:3,(anonymous_0)
FNDA:1,(anonymous_1)
DA:1,4
DA:10,1
DA:13,1
DA:18,3
DA:19,3
DA:20,3
DA:21,3
DA:22,3
LF:8
LH:8
BRF:0
BRH:0
end_of_record
TN:
SF:src\data-models\PrettyShoppingCart.ts
FN:15,(anonymous_0)
FN:8,(anonymous_1)
FNF:2
FNH:2
FNDA:1,(anonymous_0)
FNDA:1,(anonymous_1)
DA:2,3
DA:10,1
DA:13,1
DA:17,1
DA:18,1
DA:19,1
DA:20,1
LF:7
LH:7
BRF:0
BRH:0
end_of_record
TN:
SF:src\data-models\shoppingCart.ts
FN:17,(anonymous_0)
FN:9,(anonymous_1)
FNF:2
FNH:2
FNDA:1,(anonymous_0)
FNDA:1,(anonymous_1)
DA:3,5
DA:11,1
DA:14,1
DA:19,1
DA:20,1
DA:21,1
DA:22,1
LF:7
LH:7
BRF:0
BRH:0
end_of_record
TN:
SF:src\data-models\user.ts
FN:16,(anonymous_0)
FN:9,(anonymous_1)
FNF:2
FNH:2
FNDA:2,(anonymous_0)
FNDA:1,(anonymous_1)
DA:1,4
DA:11,1
DA:14,1
DA:18,2
DA:19,2
DA:20,2
DA:21,2
DA:22,2
DA:23,2
LF:9
LH:9
BRF:0
BRH:0
end_of_record
TN:
SF:src\routers\item-router.ts
FN:9,(anonymous_2)
FN:10,(anonymous_3)
FN:14,(anonymous_4)
FN:21,(anonymous_5)
FN:24,(anonymous_6)
FN:36,(anonymous_7)
FN:40,(anonymous_8)
FN:42,(anonymous_9)
FN:45,(anonymous_10)
FN:51,(anonymous_11)
FN:55,(anonymous_12)
FN:57,(anonymous_13)
FN:63,(anonymous_14)
FN:66,(anonymous_15)
FN:68,(anonymous_16)
FN:71,(anonymous_17)
FN:76,(anonymous_18)
FN:79,(anonymous_19)
FN:81,(anonymous_20)
FN:84,(anonymous_21)
FNF:20
FNH:19
FNDA:2,(anonymous_2)
FNDA:1,(anonymous_3)
FNDA:1,(anonymous_4)
FNDA:1,(anonymous_5)
FNDA:1,(anonymous_6)
FNDA:2,(anonymous_7)
FNDA:1,(anonymous_8)
FNDA:1,(anonymous_9)
FNDA:2,(anonymous_10)
FNDA:2,(anonymous_11)
FNDA:1,(anonymous_12)
FNDA:1,(anonymous_13)
FNDA:2,(anonymous_14)
FNDA:1,(anonymous_15)
FNDA:1,(anonymous_16)
FNDA:2,(anonymous_17)
FNDA:2,(anonymous_18)
FNDA:0,(anonymous_19)
FNDA:1,(anonymous_20)
FNDA:1,(anonymous_21)
DA:1,1
DA:2,1
DA:4,1
DA:6,1
DA:9,1
DA:10,2
DA:12,1
DA:13,1
DA:16,1
DA:21,1
DA:22,1
DA:24,1
DA:25,1
DA:27,0
DA:30,1
DA:36,1
DA:37,2
DA:39,2
DA:41,1
DA:44,1
DA:46,2
DA:51,1
DA:52,2
DA:54,2
DA:56,1
DA:59,1
DA:63,1
DA:64,2
DA:65,2
DA:67,1
DA:70,1
DA:72,2
DA:76,1
DA:77,2
DA:78,2
DA:80,0
DA:83,1
DA:85,1
LF:38
LH:36
BRDA:25,0,0,0
BRDA:25,0,1,1
BRF:2
BRH:1
end_of_record
TN:
SF:src\routers\shoppingCart-router.ts
FN:8,(anonymous_2)
FN:10,(anonymous_3)
FN:13,(anonymous_4)
FN:20,(anonymous_5)
FN:22,(anonymous_6)
FN:27,(anonymous_7)
FN:35,(anonymous_8)
FN:38,(anonymous_9)
FN:40,(anonymous_10)
FN:47,(anonymous_11)
FN:51,(anonymous_12)
FN:53,(anonymous_13)
FN:56,(anonymous_14)
FNF:13
FNH:13
FNDA:2,(anonymous_2)
FNDA:1,(anonymous_3)
FNDA:1,(anonymous_4)
FNDA:2,(anonymous_5)
FNDA:1,(anonymous_6)
FNDA:1,(anonymous_7)
FNDA:2,(anonymous_8)
FNDA:1,(anonymous_9)
FNDA:1,(anonymous_10)
FNDA:2,(anonymous_11)
FNDA:1,(anonymous_12)
FNDA:1,(anonymous_13)
FNDA:2,(anonymous_14)
DA:1,1
DA:2,1
DA:5,1
DA:8,1
DA:10,2
DA:12,1
DA:15,1
DA:20,1
DA:21,2
DA:22,2
DA:24,1
DA:25,1
DA:29,1
DA:35,1
DA:36,2
DA:37,2
DA:39,1
DA:42,1
DA:47,1
DA:48,2
DA:50,2
DA:52,1
DA:55,1
DA:57,2
LF:24
LH:24
BRF:0
BRH:0
end_of_record
TN:
SF:src\routers\user-router.ts
FN:8,(anonymous_2)
FN:9,(anonymous_3)
FN:14,(anonymous_4)
FN:20,(anonymous_5)
FN:22,(anonymous_6)
FN:33,(anonymous_7)
FN:38,(anonymous_8)
FN:42,(anonymous_9)
FN:49,(anonymous_10)
FN:52,(anonymous_11)
FN:54,(anonymous_12)
FN:57,(anonymous_13)
FNF:12
FNH:12
FNDA:3,(anonymous_2)
FNDA:1,(anonymous_3)
FNDA:2,(anonymous_4)
FNDA:2,(anonymous_5)
FNDA:2,(anonymous_6)
FNDA:2,(anonymous_7)
FNDA:1,(anonymous_8)
FNDA:1,(anonymous_9)
FNDA:2,(anonymous_10)
FNDA:1,(anonymous_11)
FNDA:1,(anonymous_12)
FNDA:2,(anonymous_13)
DA:1,1
DA:2,1
DA:4,1
DA:6,1
DA:8,1
DA:9,3
DA:11,1
DA:12,1
DA:13,1
DA:16,2
DA:20,1
DA:21,2
DA:22,2
DA:23,2
DA:25,1
DA:28,1
DA:33,1
DA:35,2
DA:37,2
DA:39,1
DA:40,1
DA:41,1
DA:44,1
DA:45,1
DA:49,1
DA:50,2
DA:51,2
DA:53,1
DA:56,1
DA:58,2
LF:30
LH:30
BRDA:23,0,0,1
BRDA:23,0,1,1
BRF:2
BRH:2
end_of_record
TN:
SF:src\services\item-service.ts
FN:10,getAllItems
FN:15,getSelectItem
FN:20,createItem
FN:25,patchItem
FN:43,deleteItem
FN:51,addItemToCart
FNF:6
FNH:5
FNDA:1,getAllItems
FNDA:1,getSelectItem
FNDA:1,createItem
FNDA:2,patchItem
FNDA:2,deleteItem
FNDA:0,addItemToCart
DA:1,2
DA:2,2
DA:10,2
DA:11,1
DA:15,2
DA:16,1
DA:20,2
DA:21,1
DA:25,2
DA:27,2
DA:35,2
DA:37,1
DA:39,1
DA:43,2
DA:44,2
DA:46,1
DA:48,1
DA:51,2
DA:53,0
LF:19
LH:18
BRDA:35,0,0,1
BRDA:35,0,1,1
BRDA:44,1,0,1
BRDA:44,1,1,1
BRF:4
BRH:4
end_of_record
TN:
SF:src\services\shoppingCart-service.ts
FN:6,getShoppingCart
FN:18,deleteShoppingCart
FN:22,createShoppingCart
FN:32,(anonymous_4)
FN:36,getAllCartsForUser
FNF:5
FNH:3
FNDA:0,getShoppingCart
FNDA:1,deleteShoppingCart
FNDA:1,createShoppingCart
FNDA:1,(anonymous_4)
FNDA:0,getAllCartsForUser
DA:2,2
DA:6,2
DA:7,0
DA:18,2
DA:19,1
DA:22,2
DA:24,1
DA:25,1
DA:27,0
DA:32,1
DA:36,2
DA:37,0
LF:12
LH:9
BRDA:25,0,0,0
BRDA:25,0,1,1
BRDA:25,1,0,1
BRDA:25,1,1,0
BRF:4
BRH:2
end_of_record
TN:
SF:src\services\user-service.ts
FN:13,getAllUsers
FN:18,getUserById
FN:24,saveUser
FN:35,(anonymous_4)
FN:40,patchUser
FN:56,deleteUser
FNF:6
FNH:6
FNDA:1,getAllUsers
FNDA:1,getUserById
FNDA:5,saveUser
FNDA:3,(anonymous_4)
FNDA:1,patchUser
FNDA:2,deleteUser
DA:9,2
DA:10,2
DA:13,2
DA:14,1
DA:18,2
DA:19,1
DA:24,2
DA:27,5
DA:30,2
DA:35,3
DA:40,2
DA:41,1
DA:47,1
DA:49,1
DA:52,0
DA:56,2
DA:57,2
DA:59,1
DA:61,1
LF:19
LH:18
BRDA:27,0,0,2
BRDA:27,0,1,3
BRDA:27,1,0,5
BRDA:27,1,1,4
BRDA:27,1,2,3
BRDA:47,2,0,1
BRDA:47,2,1,0
BRDA:57,3,0,1
BRDA:57,3,1,1
BRF:9
BRH:8
end_of_record
